TN:
SF:controllers\organizationController.js
FN:7,createOrg
FN:19,getOrgs
FN:28,getOrgbyID
FN:38,updateOrg
FN:48,deleteOrg
FN:58,getOrgName
FN:65,getOrgByDomain
FN:80,updateRoute53
FNF:8
FNH:7
FNDA:2,createOrg
FNDA:4,getOrgs
FNDA:3,getOrgbyID
FNDA:3,updateOrg
FNDA:3,deleteOrg
FNDA:2,getOrgName
FNDA:3,getOrgByDomain
FNDA:0,updateRoute53
DA:1,1
DA:2,1
DA:3,1
DA:4,1
DA:5,1
DA:6,1
DA:7,1
DA:8,2
DA:9,2
DA:10,1
DA:11,1
DA:12,1
DA:13,1
DA:14,1
DA:15,2
DA:16,2
DA:17,2
DA:18,1
DA:19,1
DA:20,4
DA:21,4
DA:22,2
DA:23,2
DA:24,2
DA:25,2
DA:26,4
DA:27,1
DA:28,1
DA:29,3
DA:30,3
DA:31,3
DA:32,2
DA:33,3
DA:34,1
DA:35,1
DA:36,3
DA:37,1
DA:38,1
DA:39,3
DA:40,3
DA:41,3
DA:42,2
DA:43,3
DA:44,1
DA:45,1
DA:46,3
DA:47,1
DA:48,1
DA:49,3
DA:50,3
DA:51,3
DA:52,2
DA:53,3
DA:54,1
DA:55,1
DA:56,3
DA:57,1
DA:58,1
DA:59,2
DA:60,2
DA:61,2
DA:62,2
DA:63,2
DA:64,1
DA:65,1
DA:66,3
DA:67,3
DA:68,2
DA:69,2
DA:70,1
DA:71,1
DA:72,1
DA:73,1
DA:74,1
DA:75,3
DA:76,1
DA:77,1
DA:78,1
DA:79,1
DA:80,1
DA:81,0
DA:82,0
DA:83,0
DA:84,0
DA:85,0
DA:86,0
DA:87,0
DA:88,0
DA:89,0
DA:90,0
DA:91,0
DA:92,0
DA:93,0
DA:94,0
DA:95,0
DA:96,0
DA:97,0
DA:98,0
DA:99,0
DA:100,0
DA:101,0
DA:102,0
DA:103,0
DA:104,0
DA:105,0
DA:106,0
DA:107,0
DA:108,0
DA:109,0
DA:110,1
LF:110
LH:81
BRDA:1,0,0,1
BRDA:7,1,0,2
BRDA:10,2,0,1
BRDA:19,3,0,4
BRDA:22,4,0,2
BRDA:28,5,0,3
BRDA:32,6,0,2
BRDA:33,7,0,1
BRDA:38,8,0,3
BRDA:42,9,0,2
BRDA:43,10,0,1
BRDA:48,11,0,3
BRDA:52,12,0,2
BRDA:53,13,0,1
BRDA:58,14,0,2
BRDA:65,15,0,3
BRDA:67,16,0,1
BRDA:67,17,0,2
BRDA:70,18,0,1
BRF:19
BRH:19
end_of_record
TN:
SF:models\organizations.js
FNF:0
FNH:0
DA:1,1
DA:2,1
DA:3,1
DA:4,1
DA:5,1
DA:6,1
DA:7,1
DA:8,1
DA:9,1
DA:10,1
DA:11,1
DA:12,1
DA:13,1
DA:14,1
DA:15,1
DA:16,1
DA:17,1
DA:18,1
DA:19,1
DA:20,1
DA:21,1
DA:22,1
DA:23,1
DA:24,1
DA:25,1
DA:26,1
LF:26
LH:26
BRDA:1,0,0,1
BRF:1
BRH:1
end_of_record
