{"C:\\Users\\j_smi\\OneDrive\\School\\UIS\\CSC478 - Software Engineering Capstone\\Capstone\\CSC478-Group2\\Backup\\controllers\\resourceController.js": {"path":"C:\\Users\\j_smi\\OneDrive\\School\\UIS\\CSC478 - Software Engineering Capstone\\Capstone\\CSC478-Group2\\Backup\\controllers\\resourceController.js","all":false,"statementMap":{"0":{"start":{"line":1,"column":0},"end":{"line":1,"column":45}},"1":{"start":{"line":2,"column":0},"end":{"line":2,"column":0}},"2":{"start":{"line":3,"column":0},"end":{"line":3,"column":22}},"3":{"start":{"line":4,"column":0},"end":{"line":4,"column":22}},"4":{"start":{"line":5,"column":0},"end":{"line":5,"column":49}},"5":{"start":{"line":6,"column":0},"end":{"line":6,"column":91}},"6":{"start":{"line":7,"column":0},"end":{"line":7,"column":37}},"7":{"start":{"line":8,"column":0},"end":{"line":8,"column":61}},"8":{"start":{"line":9,"column":0},"end":{"line":9,"column":9}},"9":{"start":{"line":10,"column":0},"end":{"line":10,"column":57}},"10":{"start":{"line":11,"column":0},"end":{"line":11,"column":39}},"11":{"start":{"line":12,"column":0},"end":{"line":12,"column":22}},"12":{"start":{"line":13,"column":0},"end":{"line":13,"column":54}},"13":{"start":{"line":14,"column":0},"end":{"line":14,"column":5}},"14":{"start":{"line":15,"column":0},"end":{"line":15,"column":1}},"15":{"start":{"line":16,"column":0},"end":{"line":16,"column":0}},"16":{"start":{"line":17,"column":0},"end":{"line":17,"column":17}},"17":{"start":{"line":18,"column":0},"end":{"line":18,"column":22}},"18":{"start":{"line":19,"column":0},"end":{"line":19,"column":51}},"19":{"start":{"line":20,"column":0},"end":{"line":20,"column":53}},"20":{"start":{"line":21,"column":0},"end":{"line":21,"column":9}},"21":{"start":{"line":22,"column":0},"end":{"line":22,"column":56}},"22":{"start":{"line":23,"column":0},"end":{"line":23,"column":38}},"23":{"start":{"line":24,"column":0},"end":{"line":24,"column":22}},"24":{"start":{"line":25,"column":0},"end":{"line":25,"column":54}},"25":{"start":{"line":26,"column":0},"end":{"line":26,"column":5}},"26":{"start":{"line":27,"column":0},"end":{"line":27,"column":0}},"27":{"start":{"line":28,"column":0},"end":{"line":28,"column":1}},"28":{"start":{"line":29,"column":0},"end":{"line":29,"column":0}},"29":{"start":{"line":30,"column":0},"end":{"line":30,"column":23}},"30":{"start":{"line":31,"column":0},"end":{"line":31,"column":22}},"31":{"start":{"line":32,"column":0},"end":{"line":32,"column":52}},"32":{"start":{"line":33,"column":0},"end":{"line":33,"column":27}},"33":{"start":{"line":34,"column":0},"end":{"line":34,"column":9}},"34":{"start":{"line":35,"column":0},"end":{"line":35,"column":52}},"35":{"start":{"line":36,"column":0},"end":{"line":36,"column":22}},"36":{"start":{"line":37,"column":0},"end":{"line":37,"column":92}},"37":{"start":{"line":38,"column":0},"end":{"line":38,"column":99}},"38":{"start":{"line":39,"column":0},"end":{"line":39,"column":93}},"39":{"start":{"line":40,"column":0},"end":{"line":40,"column":46}},"40":{"start":{"line":41,"column":0},"end":{"line":41,"column":101}},"41":{"start":{"line":42,"column":0},"end":{"line":42,"column":9}},"42":{"start":{"line":43,"column":0},"end":{"line":43,"column":38}},"43":{"start":{"line":44,"column":0},"end":{"line":44,"column":22}},"44":{"start":{"line":45,"column":0},"end":{"line":45,"column":54}},"45":{"start":{"line":46,"column":0},"end":{"line":46,"column":5}},"46":{"start":{"line":47,"column":0},"end":{"line":47,"column":0}},"47":{"start":{"line":48,"column":0},"end":{"line":48,"column":1}},"48":{"start":{"line":49,"column":0},"end":{"line":49,"column":0}},"49":{"start":{"line":50,"column":0},"end":{"line":50,"column":17}},"50":{"start":{"line":51,"column":0},"end":{"line":51,"column":29}},"51":{"start":{"line":52,"column":0},"end":{"line":52,"column":51}},"52":{"start":{"line":53,"column":0},"end":{"line":53,"column":53}},"53":{"start":{"line":54,"column":0},"end":{"line":54,"column":27}},"54":{"start":{"line":55,"column":0},"end":{"line":55,"column":9}},"55":{"start":{"line":56,"column":0},"end":{"line":56,"column":52}},"56":{"start":{"line":57,"column":0},"end":{"line":57,"column":22}},"57":{"start":{"line":58,"column":0},"end":{"line":58,"column":92}},"58":{"start":{"line":59,"column":0},"end":{"line":59,"column":99}},"59":{"start":{"line":60,"column":0},"end":{"line":60,"column":93}},"60":{"start":{"line":61,"column":0},"end":{"line":61,"column":59}},"61":{"start":{"line":62,"column":0},"end":{"line":62,"column":101}},"62":{"start":{"line":63,"column":0},"end":{"line":63,"column":9}},"63":{"start":{"line":64,"column":0},"end":{"line":64,"column":54}},"64":{"start":{"line":65,"column":0},"end":{"line":65,"column":60}},"65":{"start":{"line":66,"column":0},"end":{"line":66,"column":45}},"66":{"start":{"line":67,"column":0},"end":{"line":67,"column":22}},"67":{"start":{"line":68,"column":0},"end":{"line":68,"column":54}},"68":{"start":{"line":69,"column":0},"end":{"line":69,"column":5}},"69":{"start":{"line":70,"column":0},"end":{"line":70,"column":0}},"70":{"start":{"line":71,"column":0},"end":{"line":71,"column":1}},"71":{"start":{"line":72,"column":0},"end":{"line":72,"column":0}},"72":{"start":{"line":73,"column":0},"end":{"line":73,"column":19}},"73":{"start":{"line":74,"column":0},"end":{"line":74,"column":22}},"74":{"start":{"line":75,"column":0},"end":{"line":75,"column":49}},"75":{"start":{"line":76,"column":0},"end":{"line":76,"column":9}},"76":{"start":{"line":77,"column":0},"end":{"line":77,"column":32}},"77":{"start":{"line":78,"column":0},"end":{"line":78,"column":53}},"78":{"start":{"line":79,"column":0},"end":{"line":79,"column":22}},"79":{"start":{"line":80,"column":0},"end":{"line":80,"column":92}},"80":{"start":{"line":81,"column":0},"end":{"line":81,"column":99}},"81":{"start":{"line":82,"column":0},"end":{"line":82,"column":93}},"82":{"start":{"line":83,"column":0},"end":{"line":83,"column":59}},"83":{"start":{"line":84,"column":0},"end":{"line":84,"column":101}},"84":{"start":{"line":85,"column":0},"end":{"line":85,"column":9}},"85":{"start":{"line":86,"column":0},"end":{"line":86,"column":45}},"86":{"start":{"line":87,"column":0},"end":{"line":87,"column":39}},"87":{"start":{"line":88,"column":0},"end":{"line":88,"column":8}},"88":{"start":{"line":89,"column":0},"end":{"line":89,"column":21}},"89":{"start":{"line":90,"column":0},"end":{"line":90,"column":54}},"90":{"start":{"line":91,"column":0},"end":{"line":91,"column":5}},"91":{"start":{"line":92,"column":0},"end":{"line":92,"column":1}}},"s":{"0":1,"1":1,"2":1,"3":1,"4":1,"5":5,"6":5,"7":5,"8":5,"9":5,"10":4,"11":5,"12":1,"13":1,"14":5,"15":1,"16":1,"17":1,"18":1,"19":2,"20":2,"21":2,"22":1,"23":1,"24":1,"25":1,"26":2,"27":2,"28":1,"29":1,"30":1,"31":1,"32":6,"33":6,"34":6,"35":6,"36":1,"37":6,"38":2,"39":2,"40":1,"41":1,"42":1,"43":1,"44":1,"45":1,"46":6,"47":6,"48":1,"49":1,"50":1,"51":1,"52":6,"53":6,"54":6,"55":6,"56":6,"57":1,"58":6,"59":2,"60":2,"61":1,"62":1,"63":1,"64":1,"65":1,"66":1,"67":1,"68":1,"69":6,"70":6,"71":1,"72":1,"73":1,"74":1,"75":6,"76":6,"77":6,"78":6,"79":1,"80":6,"81":2,"82":2,"83":1,"84":1,"85":1,"86":1,"87":1,"88":1,"89":1,"90":1,"91":6},"branchMap":{"0":{"type":"branch","line":1,"loc":{"start":{"line":1,"column":0},"end":{"line":92,"column":1}},"locations":[{"start":{"line":1,"column":0},"end":{"line":92,"column":1}}]},"1":{"type":"branch","line":5,"loc":{"start":{"line":5,"column":28},"end":{"line":15,"column":1}},"locations":[{"start":{"line":5,"column":28},"end":{"line":15,"column":1}}]},"2":{"type":"branch","line":6,"loc":{"start":{"line":6,"column":40},"end":{"line":6,"column":65}},"locations":[{"start":{"line":6,"column":40},"end":{"line":6,"column":65}}]},"3":{"type":"branch","line":6,"loc":{"start":{"line":6,"column":66},"end":{"line":6,"column":91}},"locations":[{"start":{"line":6,"column":66},"end":{"line":6,"column":91}}]},"4":{"type":"branch","line":11,"loc":{"start":{"line":11,"column":-2},"end":{"line":12,"column":6}},"locations":[{"start":{"line":11,"column":-2},"end":{"line":12,"column":6}}]},"5":{"type":"branch","line":12,"loc":{"start":{"line":12,"column":6},"end":{"line":14,"column":5}},"locations":[{"start":{"line":12,"column":6},"end":{"line":14,"column":5}}]},"6":{"type":"branch","line":19,"loc":{"start":{"line":19,"column":30},"end":{"line":28,"column":1}},"locations":[{"start":{"line":19,"column":30},"end":{"line":28,"column":1}}]},"7":{"type":"branch","line":23,"loc":{"start":{"line":23,"column":-2},"end":{"line":26,"column":5}},"locations":[{"start":{"line":23,"column":-2},"end":{"line":26,"column":5}}]},"8":{"type":"branch","line":32,"loc":{"start":{"line":32,"column":31},"end":{"line":48,"column":1}},"locations":[{"start":{"line":32,"column":31},"end":{"line":48,"column":1}}]},"9":{"type":"branch","line":36,"loc":{"start":{"line":36,"column":-2},"end":{"line":36,"column":21}},"locations":[{"start":{"line":36,"column":-2},"end":{"line":36,"column":21}}]},"10":{"type":"branch","line":36,"loc":{"start":{"line":36,"column":21},"end":{"line":38,"column":9}},"locations":[{"start":{"line":36,"column":21},"end":{"line":38,"column":9}}]},"11":{"type":"branch","line":38,"loc":{"start":{"line":38,"column":9},"end":{"line":42,"column":9}},"locations":[{"start":{"line":38,"column":9},"end":{"line":42,"column":9}}]},"12":{"type":"branch","line":38,"loc":{"start":{"line":38,"column":43},"end":{"line":38,"column":96}},"locations":[{"start":{"line":38,"column":43},"end":{"line":38,"column":96}}]},"13":{"type":"branch","line":38,"loc":{"start":{"line":38,"column":98},"end":{"line":42,"column":9}},"locations":[{"start":{"line":38,"column":98},"end":{"line":42,"column":9}}]},"14":{"type":"branch","line":40,"loc":{"start":{"line":40,"column":45},"end":{"line":42,"column":9}},"locations":[{"start":{"line":40,"column":45},"end":{"line":42,"column":9}}]},"15":{"type":"branch","line":43,"loc":{"start":{"line":43,"column":-2},"end":{"line":46,"column":5}},"locations":[{"start":{"line":43,"column":-2},"end":{"line":46,"column":5}}]},"16":{"type":"branch","line":52,"loc":{"start":{"line":52,"column":30},"end":{"line":71,"column":1}},"locations":[{"start":{"line":52,"column":30},"end":{"line":71,"column":1}}]},"17":{"type":"branch","line":57,"loc":{"start":{"line":57,"column":-2},"end":{"line":57,"column":21}},"locations":[{"start":{"line":57,"column":-2},"end":{"line":57,"column":21}}]},"18":{"type":"branch","line":57,"loc":{"start":{"line":57,"column":21},"end":{"line":59,"column":9}},"locations":[{"start":{"line":57,"column":21},"end":{"line":59,"column":9}}]},"19":{"type":"branch","line":59,"loc":{"start":{"line":59,"column":9},"end":{"line":63,"column":9}},"locations":[{"start":{"line":59,"column":9},"end":{"line":63,"column":9}}]},"20":{"type":"branch","line":59,"loc":{"start":{"line":59,"column":43},"end":{"line":59,"column":96}},"locations":[{"start":{"line":59,"column":43},"end":{"line":59,"column":96}}]},"21":{"type":"branch","line":59,"loc":{"start":{"line":59,"column":98},"end":{"line":63,"column":9}},"locations":[{"start":{"line":59,"column":98},"end":{"line":63,"column":9}}]},"22":{"type":"branch","line":61,"loc":{"start":{"line":61,"column":58},"end":{"line":63,"column":9}},"locations":[{"start":{"line":61,"column":58},"end":{"line":63,"column":9}}]},"23":{"type":"branch","line":64,"loc":{"start":{"line":64,"column":-2},"end":{"line":69,"column":5}},"locations":[{"start":{"line":64,"column":-2},"end":{"line":69,"column":5}}]},"24":{"type":"branch","line":75,"loc":{"start":{"line":75,"column":30},"end":{"line":92,"column":1}},"locations":[{"start":{"line":75,"column":30},"end":{"line":92,"column":1}}]},"25":{"type":"branch","line":79,"loc":{"start":{"line":79,"column":-2},"end":{"line":79,"column":21}},"locations":[{"start":{"line":79,"column":-2},"end":{"line":79,"column":21}}]},"26":{"type":"branch","line":79,"loc":{"start":{"line":79,"column":21},"end":{"line":81,"column":9}},"locations":[{"start":{"line":79,"column":21},"end":{"line":81,"column":9}}]},"27":{"type":"branch","line":81,"loc":{"start":{"line":81,"column":9},"end":{"line":85,"column":9}},"locations":[{"start":{"line":81,"column":9},"end":{"line":85,"column":9}}]},"28":{"type":"branch","line":81,"loc":{"start":{"line":81,"column":43},"end":{"line":81,"column":96}},"locations":[{"start":{"line":81,"column":43},"end":{"line":81,"column":96}}]},"29":{"type":"branch","line":81,"loc":{"start":{"line":81,"column":98},"end":{"line":85,"column":9}},"locations":[{"start":{"line":81,"column":98},"end":{"line":85,"column":9}}]},"30":{"type":"branch","line":83,"loc":{"start":{"line":83,"column":58},"end":{"line":85,"column":9}},"locations":[{"start":{"line":83,"column":58},"end":{"line":85,"column":9}}]},"31":{"type":"branch","line":86,"loc":{"start":{"line":86,"column":-2},"end":{"line":91,"column":5}},"locations":[{"start":{"line":86,"column":-2},"end":{"line":91,"column":5}}]}},"b":{"0":[1],"1":[5],"2":[1],"3":[4],"4":[4],"5":[1],"6":[2],"7":[1],"8":[6],"9":[5],"10":[1],"11":[4],"12":[3],"13":[2],"14":[1],"15":[1],"16":[6],"17":[5],"18":[1],"19":[4],"20":[3],"21":[2],"22":[1],"23":[1],"24":[6],"25":[5],"26":[1],"27":[4],"28":[3],"29":[2],"30":[1],"31":[1]},"fnMap":{"0":{"name":"getResources","decl":{"start":{"line":5,"column":28},"end":{"line":15,"column":1}},"loc":{"start":{"line":5,"column":28},"end":{"line":15,"column":1}},"line":5},"1":{"name":"createResource","decl":{"start":{"line":19,"column":30},"end":{"line":28,"column":1}},"loc":{"start":{"line":19,"column":30},"end":{"line":28,"column":1}},"line":19},"2":{"name":"getResourceByID","decl":{"start":{"line":32,"column":31},"end":{"line":48,"column":1}},"loc":{"start":{"line":32,"column":31},"end":{"line":48,"column":1}},"line":32},"3":{"name":"updateResource","decl":{"start":{"line":52,"column":30},"end":{"line":71,"column":1}},"loc":{"start":{"line":52,"column":30},"end":{"line":71,"column":1}},"line":52},"4":{"name":"deleteResource","decl":{"start":{"line":75,"column":30},"end":{"line":92,"column":1}},"loc":{"start":{"line":75,"column":30},"end":{"line":92,"column":1}},"line":75}},"f":{"0":5,"1":2,"2":6,"3":6,"4":6}}
,"C:\\Users\\j_smi\\OneDrive\\School\\UIS\\CSC478 - Software Engineering Capstone\\Capstone\\CSC478-Group2\\Backup\\models\\organizations.js": {"path":"C:\\Users\\j_smi\\OneDrive\\School\\UIS\\CSC478 - Software Engineering Capstone\\Capstone\\CSC478-Group2\\Backup\\models\\organizations.js","all":false,"statementMap":{"0":{"start":{"line":1,"column":0},"end":{"line":1,"column":25}},"1":{"start":{"line":2,"column":0},"end":{"line":2,"column":0}},"2":{"start":{"line":3,"column":0},"end":{"line":3,"column":42}},"3":{"start":{"line":4,"column":0},"end":{"line":4,"column":11}},"4":{"start":{"line":5,"column":0},"end":{"line":5,"column":21}},"5":{"start":{"line":6,"column":0},"end":{"line":6,"column":23}},"6":{"start":{"line":7,"column":0},"end":{"line":7,"column":20}},"7":{"start":{"line":8,"column":0},"end":{"line":8,"column":6}},"8":{"start":{"line":9,"column":0},"end":{"line":9,"column":18}},"9":{"start":{"line":10,"column":0},"end":{"line":10,"column":19}},"10":{"start":{"line":11,"column":0},"end":{"line":11,"column":23}},"11":{"start":{"line":12,"column":0},"end":{"line":12,"column":28}},"12":{"start":{"line":13,"column":0},"end":{"line":13,"column":6}},"13":{"start":{"line":14,"column":0},"end":{"line":14,"column":18}},"14":{"start":{"line":15,"column":0},"end":{"line":15,"column":13}},"15":{"start":{"line":16,"column":0},"end":{"line":16,"column":21}},"16":{"start":{"line":17,"column":0},"end":{"line":17,"column":23}},"17":{"start":{"line":18,"column":0},"end":{"line":18,"column":6}},"18":{"start":{"line":19,"column":0},"end":{"line":19,"column":13}},"19":{"start":{"line":20,"column":0},"end":{"line":20,"column":22}},"20":{"start":{"line":21,"column":0},"end":{"line":21,"column":23}},"21":{"start":{"line":22,"column":0},"end":{"line":22,"column":21}},"22":{"start":{"line":23,"column":0},"end":{"line":23,"column":6}},"23":{"start":{"line":24,"column":0},"end":{"line":24,"column":2}},"24":{"start":{"line":25,"column":0},"end":{"line":25,"column":0}},"25":{"start":{"line":26,"column":0},"end":{"line":26,"column":59}}},"s":{"0":1,"1":1,"2":1,"3":1,"4":1,"5":1,"6":1,"7":1,"8":1,"9":1,"10":1,"11":1,"12":1,"13":1,"14":1,"15":1,"16":1,"17":1,"18":1,"19":1,"20":1,"21":1,"22":1,"23":1,"24":1,"25":1},"branchMap":{"0":{"type":"branch","line":1,"loc":{"start":{"line":1,"column":0},"end":{"line":26,"column":59}},"locations":[{"start":{"line":1,"column":0},"end":{"line":26,"column":59}}]}},"b":{"0":[1]},"fnMap":{},"f":{}}
,"C:\\Users\\j_smi\\OneDrive\\School\\UIS\\CSC478 - Software Engineering Capstone\\Capstone\\CSC478-Group2\\Backup\\models\\resources.js": {"path":"C:\\Users\\j_smi\\OneDrive\\School\\UIS\\CSC478 - Software Engineering Capstone\\Capstone\\CSC478-Group2\\Backup\\models\\resources.js","all":false,"statementMap":{"0":{"start":{"line":1,"column":0},"end":{"line":1,"column":25}},"1":{"start":{"line":2,"column":0},"end":{"line":2,"column":0}},"2":{"start":{"line":3,"column":0},"end":{"line":3,"column":38}},"3":{"start":{"line":4,"column":0},"end":{"line":4,"column":27}},"4":{"start":{"line":5,"column":0},"end":{"line":5,"column":11}},"5":{"start":{"line":6,"column":0},"end":{"line":6,"column":21}},"6":{"start":{"line":7,"column":0},"end":{"line":7,"column":23}},"7":{"start":{"line":8,"column":0},"end":{"line":8,"column":20}},"8":{"start":{"line":9,"column":0},"end":{"line":9,"column":6}},"9":{"start":{"line":10,"column":0},"end":{"line":10,"column":18}},"10":{"start":{"line":11,"column":0},"end":{"line":11,"column":21}},"11":{"start":{"line":12,"column":0},"end":{"line":12,"column":20}},"12":{"start":{"line":13,"column":0},"end":{"line":13,"column":17}},"13":{"start":{"line":14,"column":0},"end":{"line":14,"column":21}},"14":{"start":{"line":15,"column":0},"end":{"line":15,"column":23}},"15":{"start":{"line":16,"column":0},"end":{"line":16,"column":6}},"16":{"start":{"line":17,"column":0},"end":{"line":17,"column":20}},"17":{"start":{"line":18,"column":0},"end":{"line":18,"column":21}},"18":{"start":{"line":19,"column":0},"end":{"line":19,"column":22}},"19":{"start":{"line":20,"column":0},"end":{"line":20,"column":6}},"20":{"start":{"line":21,"column":0},"end":{"line":21,"column":24}},"21":{"start":{"line":22,"column":0},"end":{"line":22,"column":23}},"22":{"start":{"line":23,"column":0},"end":{"line":23,"column":20}},"23":{"start":{"line":24,"column":0},"end":{"line":24,"column":6}},"24":{"start":{"line":25,"column":0},"end":{"line":25,"column":18}},"25":{"start":{"line":26,"column":0},"end":{"line":26,"column":15}},"26":{"start":{"line":27,"column":0},"end":{"line":27,"column":0}},"27":{"start":{"line":28,"column":0},"end":{"line":28,"column":2}},"28":{"start":{"line":29,"column":0},"end":{"line":29,"column":0}},"29":{"start":{"line":30,"column":0},"end":{"line":30,"column":51}}},"s":{"0":1,"1":1,"2":1,"3":1,"4":1,"5":1,"6":1,"7":1,"8":1,"9":1,"10":1,"11":1,"12":1,"13":1,"14":1,"15":1,"16":1,"17":1,"18":1,"19":1,"20":1,"21":1,"22":1,"23":1,"24":1,"25":1,"26":1,"27":1,"28":1,"29":1},"branchMap":{"0":{"type":"branch","line":1,"loc":{"start":{"line":1,"column":0},"end":{"line":30,"column":51}},"locations":[{"start":{"line":1,"column":0},"end":{"line":30,"column":51}}]}},"b":{"0":[1]},"fnMap":{},"f":{}}
}
