{"C:\\Users\\j_smi\\OneDrive\\School\\UIS\\CSC478 - Software Engineering Capstone\\Capstone\\CSC478-Group2\\Backup\\controllers\\adminController.js": {"path":"C:\\Users\\j_smi\\OneDrive\\School\\UIS\\CSC478 - Software Engineering Capstone\\Capstone\\CSC478-Group2\\Backup\\controllers\\adminController.js","all":false,"statementMap":{"0":{"start":{"line":1,"column":0},"end":{"line":1,"column":53}},"1":{"start":{"line":2,"column":0},"end":{"line":2,"column":37}},"2":{"start":{"line":3,"column":0},"end":{"line":3,"column":59}},"3":{"start":{"line":4,"column":0},"end":{"line":4,"column":0}},"4":{"start":{"line":5,"column":0},"end":{"line":5,"column":39}},"5":{"start":{"line":6,"column":0},"end":{"line":6,"column":22}},"6":{"start":{"line":7,"column":0},"end":{"line":7,"column":43}},"7":{"start":{"line":8,"column":0},"end":{"line":8,"column":31}},"8":{"start":{"line":9,"column":0},"end":{"line":9,"column":71}},"9":{"start":{"line":10,"column":0},"end":{"line":10,"column":3}},"10":{"start":{"line":11,"column":0},"end":{"line":11,"column":0}},"11":{"start":{"line":12,"column":0},"end":{"line":12,"column":30}},"12":{"start":{"line":13,"column":0},"end":{"line":13,"column":22}},"13":{"start":{"line":14,"column":0},"end":{"line":14,"column":44}},"14":{"start":{"line":15,"column":0},"end":{"line":15,"column":54}},"15":{"start":{"line":16,"column":0},"end":{"line":16,"column":1}},"16":{"start":{"line":17,"column":0},"end":{"line":17,"column":0}},"17":{"start":{"line":18,"column":0},"end":{"line":18,"column":38}},"18":{"start":{"line":19,"column":0},"end":{"line":19,"column":22}},"19":{"start":{"line":20,"column":0},"end":{"line":20,"column":47}},"20":{"start":{"line":21,"column":0},"end":{"line":21,"column":31}},"21":{"start":{"line":22,"column":0},"end":{"line":22,"column":37}},"22":{"start":{"line":23,"column":0},"end":{"line":23,"column":3}},"23":{"start":{"line":24,"column":0},"end":{"line":24,"column":51}},"24":{"start":{"line":25,"column":0},"end":{"line":25,"column":22}},"25":{"start":{"line":26,"column":0},"end":{"line":26,"column":47}},"26":{"start":{"line":27,"column":0},"end":{"line":27,"column":34}},"27":{"start":{"line":28,"column":0},"end":{"line":28,"column":37}},"28":{"start":{"line":29,"column":0},"end":{"line":29,"column":3}},"29":{"start":{"line":30,"column":0},"end":{"line":30,"column":0}},"30":{"start":{"line":31,"column":0},"end":{"line":31,"column":39}},"31":{"start":{"line":32,"column":0},"end":{"line":32,"column":22}},"32":{"start":{"line":33,"column":0},"end":{"line":33,"column":47}},"33":{"start":{"line":34,"column":0},"end":{"line":34,"column":34}},"34":{"start":{"line":35,"column":0},"end":{"line":35,"column":37}},"35":{"start":{"line":36,"column":0},"end":{"line":36,"column":1}},"36":{"start":{"line":37,"column":0},"end":{"line":37,"column":0}},"37":{"start":{"line":38,"column":0},"end":{"line":38,"column":36}},"38":{"start":{"line":39,"column":0},"end":{"line":39,"column":22}},"39":{"start":{"line":40,"column":0},"end":{"line":40,"column":52}},"40":{"start":{"line":41,"column":0},"end":{"line":41,"column":44}},"41":{"start":{"line":42,"column":0},"end":{"line":42,"column":40}},"42":{"start":{"line":43,"column":0},"end":{"line":43,"column":1}},"43":{"start":{"line":44,"column":0},"end":{"line":44,"column":0}},"44":{"start":{"line":45,"column":0},"end":{"line":45,"column":38}},"45":{"start":{"line":46,"column":0},"end":{"line":46,"column":22}},"46":{"start":{"line":47,"column":0},"end":{"line":47,"column":51}},"47":{"start":{"line":48,"column":0},"end":{"line":48,"column":43}},"48":{"start":{"line":49,"column":0},"end":{"line":49,"column":39}},"49":{"start":{"line":50,"column":0},"end":{"line":50,"column":1}},"50":{"start":{"line":51,"column":0},"end":{"line":51,"column":0}},"51":{"start":{"line":52,"column":0},"end":{"line":52,"column":36}},"52":{"start":{"line":53,"column":0},"end":{"line":53,"column":22}},"53":{"start":{"line":54,"column":0},"end":{"line":54,"column":45}},"54":{"start":{"line":55,"column":0},"end":{"line":55,"column":36}},"55":{"start":{"line":56,"column":0},"end":{"line":56,"column":32}},"56":{"start":{"line":57,"column":0},"end":{"line":57,"column":1}},"57":{"start":{"line":58,"column":0},"end":{"line":58,"column":0}},"58":{"start":{"line":59,"column":0},"end":{"line":59,"column":55}},"59":{"start":{"line":60,"column":0},"end":{"line":60,"column":22}},"60":{"start":{"line":61,"column":0},"end":{"line":61,"column":50}},"61":{"start":{"line":62,"column":0},"end":{"line":62,"column":9}},"62":{"start":{"line":63,"column":0},"end":{"line":63,"column":54}},"63":{"start":{"line":64,"column":0},"end":{"line":64,"column":40}},"64":{"start":{"line":65,"column":0},"end":{"line":65,"column":43}},"65":{"start":{"line":66,"column":0},"end":{"line":66,"column":9}},"66":{"start":{"line":67,"column":0},"end":{"line":67,"column":0}},"67":{"start":{"line":68,"column":0},"end":{"line":68,"column":49}},"68":{"start":{"line":69,"column":0},"end":{"line":69,"column":2}},"69":{"start":{"line":70,"column":0},"end":{"line":70,"column":20}},"70":{"start":{"line":71,"column":0},"end":{"line":71,"column":18}},"71":{"start":{"line":72,"column":0},"end":{"line":72,"column":35}},"72":{"start":{"line":73,"column":0},"end":{"line":73,"column":32}},"73":{"start":{"line":74,"column":0},"end":{"line":74,"column":40}},"74":{"start":{"line":75,"column":0},"end":{"line":75,"column":38}},"75":{"start":{"line":76,"column":0},"end":{"line":76,"column":42}},"76":{"start":{"line":77,"column":0},"end":{"line":77,"column":50}},"77":{"start":{"line":78,"column":0},"end":{"line":78,"column":18}},"78":{"start":{"line":79,"column":0},"end":{"line":79,"column":25}},"79":{"start":{"line":80,"column":0},"end":{"line":80,"column":54}},"80":{"start":{"line":81,"column":0},"end":{"line":81,"column":16}},"81":{"start":{"line":82,"column":0},"end":{"line":82,"column":38}},"82":{"start":{"line":83,"column":0},"end":{"line":83,"column":9}},"83":{"start":{"line":84,"column":0},"end":{"line":84,"column":8}},"84":{"start":{"line":85,"column":0},"end":{"line":85,"column":19}},"85":{"start":{"line":86,"column":0},"end":{"line":86,"column":51}},"86":{"start":{"line":87,"column":0},"end":{"line":87,"column":7}},"87":{"start":{"line":88,"column":0},"end":{"line":88,"column":3}}},"s":{"0":1,"1":1,"2":1,"3":1,"4":1,"5":1,"6":1,"7":2,"8":2,"9":2,"10":1,"11":1,"12":1,"13":1,"14":4,"15":4,"16":1,"17":1,"18":1,"19":1,"20":1,"21":1,"22":1,"23":1,"24":1,"25":1,"26":1,"27":1,"28":1,"29":1,"30":1,"31":1,"32":1,"33":1,"34":1,"35":1,"36":1,"37":1,"38":1,"39":1,"40":1,"41":1,"42":1,"43":1,"44":1,"45":1,"46":1,"47":1,"48":1,"49":1,"50":1,"51":1,"52":1,"53":1,"54":0,"55":0,"56":0,"57":1,"58":1,"59":1,"60":1,"61":0,"62":0,"63":0,"64":0,"65":0,"66":0,"67":0,"68":0,"69":0,"70":0,"71":0,"72":0,"73":0,"74":0,"75":0,"76":0,"77":0,"78":0,"79":0,"80":0,"81":0,"82":0,"83":0,"84":0,"85":0,"86":0,"87":0},"branchMap":{"0":{"type":"branch","line":1,"loc":{"start":{"line":1,"column":0},"end":{"line":88,"column":3}},"locations":[{"start":{"line":1,"column":0},"end":{"line":88,"column":3}}]},"1":{"type":"branch","line":7,"loc":{"start":{"line":7,"column":28},"end":{"line":10,"column":3}},"locations":[{"start":{"line":7,"column":28},"end":{"line":10,"column":3}}]},"2":{"type":"branch","line":14,"loc":{"start":{"line":14,"column":29},"end":{"line":16,"column":1}},"locations":[{"start":{"line":14,"column":29},"end":{"line":16,"column":1}}]},"3":{"type":"branch","line":20,"loc":{"start":{"line":20,"column":32},"end":{"line":23,"column":3}},"locations":[{"start":{"line":20,"column":32},"end":{"line":23,"column":3}}]},"4":{"type":"branch","line":26,"loc":{"start":{"line":26,"column":32},"end":{"line":29,"column":3}},"locations":[{"start":{"line":26,"column":32},"end":{"line":29,"column":3}}]},"5":{"type":"branch","line":33,"loc":{"start":{"line":33,"column":32},"end":{"line":36,"column":1}},"locations":[{"start":{"line":33,"column":32},"end":{"line":36,"column":1}}]},"6":{"type":"branch","line":40,"loc":{"start":{"line":40,"column":37},"end":{"line":43,"column":1}},"locations":[{"start":{"line":40,"column":37},"end":{"line":43,"column":1}}]},"7":{"type":"branch","line":47,"loc":{"start":{"line":47,"column":36},"end":{"line":50,"column":1}},"locations":[{"start":{"line":47,"column":36},"end":{"line":50,"column":1}}]}},"b":{"0":[1],"1":[2],"2":[4],"3":[1],"4":[1],"5":[1],"6":[1],"7":[1]},"fnMap":{"0":{"name":"getAdminDash","decl":{"start":{"line":7,"column":28},"end":{"line":10,"column":3}},"loc":{"start":{"line":7,"column":28},"end":{"line":10,"column":3}},"line":7},"1":{"name":"getAdminLogin","decl":{"start":{"line":14,"column":29},"end":{"line":16,"column":1}},"loc":{"start":{"line":14,"column":29},"end":{"line":16,"column":1}},"line":14},"2":{"name":"getAdminListings","decl":{"start":{"line":20,"column":32},"end":{"line":23,"column":3}},"loc":{"start":{"line":20,"column":32},"end":{"line":23,"column":3}},"line":20},"3":{"name":"getAdminRegister","decl":{"start":{"line":26,"column":32},"end":{"line":29,"column":3}},"loc":{"start":{"line":26,"column":32},"end":{"line":29,"column":3}},"line":26},"4":{"name":"getAdminResource","decl":{"start":{"line":33,"column":32},"end":{"line":36,"column":1}},"loc":{"start":{"line":33,"column":32},"end":{"line":36,"column":1}},"line":33},"5":{"name":"getAdminModifyListing","decl":{"start":{"line":40,"column":37},"end":{"line":43,"column":1}},"loc":{"start":{"line":40,"column":37},"end":{"line":43,"column":1}},"line":40},"6":{"name":"getAdminOrderDetails","decl":{"start":{"line":47,"column":36},"end":{"line":50,"column":1}},"loc":{"start":{"line":47,"column":36},"end":{"line":50,"column":1}},"line":47},"7":{"name":"getAdminOrders","decl":{"start":{"line":54,"column":30},"end":{"line":57,"column":1}},"loc":{"start":{"line":54,"column":30},"end":{"line":57,"column":1}},"line":54},"8":{"name":"registerAdmin","decl":{"start":{"line":61,"column":29},"end":{"line":88,"column":3}},"loc":{"start":{"line":61,"column":29},"end":{"line":88,"column":3}},"line":61}},"f":{"0":2,"1":4,"2":1,"3":1,"4":1,"5":1,"6":1,"7":0,"8":0}}
,"C:\\Users\\j_smi\\OneDrive\\School\\UIS\\CSC478 - Software Engineering Capstone\\Capstone\\CSC478-Group2\\Backup\\controllers\\customerController.js": {"path":"C:\\Users\\j_smi\\OneDrive\\School\\UIS\\CSC478 - Software Engineering Capstone\\Capstone\\CSC478-Group2\\Backup\\controllers\\customerController.js","all":false,"statementMap":{"0":{"start":{"line":1,"column":0},"end":{"line":1,"column":27}},"1":{"start":{"line":2,"column":0},"end":{"line":2,"column":45}},"2":{"start":{"line":3,"column":0},"end":{"line":3,"column":0}},"3":{"start":{"line":4,"column":0},"end":{"line":4,"column":0}},"4":{"start":{"line":5,"column":0},"end":{"line":5,"column":0}},"5":{"start":{"line":6,"column":0},"end":{"line":6,"column":22}},"6":{"start":{"line":7,"column":0},"end":{"line":7,"column":49}},"7":{"start":{"line":8,"column":0},"end":{"line":8,"column":9}},"8":{"start":{"line":9,"column":0},"end":{"line":9,"column":90}},"9":{"start":{"line":10,"column":0},"end":{"line":10,"column":39}},"10":{"start":{"line":11,"column":0},"end":{"line":11,"column":22}},"11":{"start":{"line":12,"column":0},"end":{"line":12,"column":54}},"12":{"start":{"line":13,"column":0},"end":{"line":13,"column":5}},"13":{"start":{"line":14,"column":0},"end":{"line":14,"column":0}},"14":{"start":{"line":15,"column":0},"end":{"line":15,"column":1}},"15":{"start":{"line":16,"column":0},"end":{"line":16,"column":0}},"16":{"start":{"line":17,"column":0},"end":{"line":17,"column":23}},"17":{"start":{"line":18,"column":0},"end":{"line":18,"column":52}},"18":{"start":{"line":19,"column":0},"end":{"line":19,"column":27}},"19":{"start":{"line":20,"column":0},"end":{"line":20,"column":9}},"20":{"start":{"line":21,"column":0},"end":{"line":21,"column":52}},"21":{"start":{"line":22,"column":0},"end":{"line":22,"column":22}},"22":{"start":{"line":23,"column":0},"end":{"line":23,"column":92}},"23":{"start":{"line":24,"column":0},"end":{"line":24,"column":99}},"24":{"start":{"line":25,"column":0},"end":{"line":25,"column":93}},"25":{"start":{"line":26,"column":0},"end":{"line":26,"column":59}},"26":{"start":{"line":27,"column":0},"end":{"line":27,"column":101}},"27":{"start":{"line":28,"column":0},"end":{"line":28,"column":9}},"28":{"start":{"line":29,"column":0},"end":{"line":29,"column":38}},"29":{"start":{"line":30,"column":0},"end":{"line":30,"column":22}},"30":{"start":{"line":31,"column":0},"end":{"line":31,"column":54}},"31":{"start":{"line":32,"column":0},"end":{"line":32,"column":5}},"32":{"start":{"line":33,"column":0},"end":{"line":33,"column":0}},"33":{"start":{"line":34,"column":0},"end":{"line":34,"column":1}},"34":{"start":{"line":35,"column":0},"end":{"line":35,"column":0}},"35":{"start":{"line":36,"column":0},"end":{"line":36,"column":17}},"36":{"start":{"line":37,"column":0},"end":{"line":37,"column":51}},"37":{"start":{"line":38,"column":0},"end":{"line":38,"column":27}},"38":{"start":{"line":39,"column":0},"end":{"line":39,"column":9}},"39":{"start":{"line":40,"column":0},"end":{"line":40,"column":52}},"40":{"start":{"line":41,"column":0},"end":{"line":41,"column":22}},"41":{"start":{"line":42,"column":0},"end":{"line":42,"column":92}},"42":{"start":{"line":43,"column":0},"end":{"line":43,"column":99}},"43":{"start":{"line":44,"column":0},"end":{"line":44,"column":93}},"44":{"start":{"line":45,"column":0},"end":{"line":45,"column":59}},"45":{"start":{"line":46,"column":0},"end":{"line":46,"column":101}},"46":{"start":{"line":47,"column":0},"end":{"line":47,"column":9}},"47":{"start":{"line":48,"column":0},"end":{"line":48,"column":54}},"48":{"start":{"line":49,"column":0},"end":{"line":49,"column":60}},"49":{"start":{"line":50,"column":0},"end":{"line":50,"column":45}},"50":{"start":{"line":51,"column":0},"end":{"line":51,"column":22}},"51":{"start":{"line":52,"column":0},"end":{"line":52,"column":54}},"52":{"start":{"line":53,"column":0},"end":{"line":53,"column":5}},"53":{"start":{"line":54,"column":0},"end":{"line":54,"column":0}},"54":{"start":{"line":55,"column":0},"end":{"line":55,"column":1}},"55":{"start":{"line":56,"column":0},"end":{"line":56,"column":0}},"56":{"start":{"line":57,"column":0},"end":{"line":57,"column":19}},"57":{"start":{"line":58,"column":0},"end":{"line":58,"column":49}},"58":{"start":{"line":59,"column":0},"end":{"line":59,"column":9}},"59":{"start":{"line":60,"column":0},"end":{"line":60,"column":32}},"60":{"start":{"line":61,"column":0},"end":{"line":61,"column":53}},"61":{"start":{"line":62,"column":0},"end":{"line":62,"column":22}},"62":{"start":{"line":63,"column":0},"end":{"line":63,"column":92}},"63":{"start":{"line":64,"column":0},"end":{"line":64,"column":99}},"64":{"start":{"line":65,"column":0},"end":{"line":65,"column":93}},"65":{"start":{"line":66,"column":0},"end":{"line":66,"column":59}},"66":{"start":{"line":67,"column":0},"end":{"line":67,"column":101}},"67":{"start":{"line":68,"column":0},"end":{"line":68,"column":9}},"68":{"start":{"line":69,"column":0},"end":{"line":69,"column":45}},"69":{"start":{"line":70,"column":0},"end":{"line":70,"column":39}},"70":{"start":{"line":71,"column":0},"end":{"line":71,"column":8}},"71":{"start":{"line":72,"column":0},"end":{"line":72,"column":21}},"72":{"start":{"line":73,"column":0},"end":{"line":73,"column":54}},"73":{"start":{"line":74,"column":0},"end":{"line":74,"column":5}},"74":{"start":{"line":75,"column":0},"end":{"line":75,"column":1}},"75":{"start":{"line":76,"column":0},"end":{"line":76,"column":0}},"76":{"start":{"line":77,"column":0},"end":{"line":77,"column":32}},"77":{"start":{"line":78,"column":0},"end":{"line":78,"column":22}},"78":{"start":{"line":79,"column":0},"end":{"line":79,"column":46}},"79":{"start":{"line":80,"column":0},"end":{"line":80,"column":35}},"80":{"start":{"line":81,"column":0},"end":{"line":81,"column":94}},"81":{"start":{"line":82,"column":0},"end":{"line":82,"column":3}},"82":{"start":{"line":83,"column":0},"end":{"line":83,"column":0}},"83":{"start":{"line":84,"column":0},"end":{"line":84,"column":45}},"84":{"start":{"line":85,"column":0},"end":{"line":85,"column":22}},"85":{"start":{"line":86,"column":0},"end":{"line":86,"column":47}},"86":{"start":{"line":87,"column":0},"end":{"line":87,"column":65}},"87":{"start":{"line":88,"column":0},"end":{"line":88,"column":1}},"88":{"start":{"line":89,"column":0},"end":{"line":89,"column":0}},"89":{"start":{"line":90,"column":0},"end":{"line":90,"column":0}},"90":{"start":{"line":91,"column":0},"end":{"line":91,"column":52}},"91":{"start":{"line":92,"column":0},"end":{"line":92,"column":71}},"92":{"start":{"line":93,"column":0},"end":{"line":93,"column":1}},"93":{"start":{"line":94,"column":0},"end":{"line":94,"column":0}},"94":{"start":{"line":95,"column":0},"end":{"line":95,"column":0}},"95":{"start":{"line":96,"column":0},"end":{"line":96,"column":29}},"96":{"start":{"line":97,"column":0},"end":{"line":97,"column":22}},"97":{"start":{"line":98,"column":0},"end":{"line":98,"column":48}},"98":{"start":{"line":99,"column":0},"end":{"line":99,"column":37}},"99":{"start":{"line":100,"column":0},"end":{"line":100,"column":38}},"100":{"start":{"line":101,"column":0},"end":{"line":101,"column":3}},"101":{"start":{"line":102,"column":0},"end":{"line":102,"column":0}},"102":{"start":{"line":103,"column":0},"end":{"line":103,"column":40}},"103":{"start":{"line":104,"column":0},"end":{"line":104,"column":22}},"104":{"start":{"line":105,"column":0},"end":{"line":105,"column":53}},"105":{"start":{"line":106,"column":0},"end":{"line":106,"column":43}},"106":{"start":{"line":107,"column":0},"end":{"line":107,"column":44}},"107":{"start":{"line":108,"column":0},"end":{"line":108,"column":3}},"108":{"start":{"line":109,"column":0},"end":{"line":109,"column":0}},"109":{"start":{"line":110,"column":0},"end":{"line":110,"column":40}},"110":{"start":{"line":111,"column":0},"end":{"line":111,"column":22}},"111":{"start":{"line":112,"column":0},"end":{"line":112,"column":50}},"112":{"start":{"line":113,"column":0},"end":{"line":113,"column":34}},"113":{"start":{"line":114,"column":0},"end":{"line":114,"column":40}},"114":{"start":{"line":115,"column":0},"end":{"line":115,"column":3}},"115":{"start":{"line":116,"column":0},"end":{"line":116,"column":0}},"116":{"start":{"line":117,"column":0},"end":{"line":117,"column":51}},"117":{"start":{"line":118,"column":0},"end":{"line":118,"column":22}},"118":{"start":{"line":119,"column":0},"end":{"line":119,"column":53}},"119":{"start":{"line":120,"column":0},"end":{"line":120,"column":11}},"120":{"start":{"line":121,"column":0},"end":{"line":121,"column":26}},"121":{"start":{"line":122,"column":0},"end":{"line":122,"column":26}},"122":{"start":{"line":123,"column":0},"end":{"line":123,"column":34}},"123":{"start":{"line":124,"column":0},"end":{"line":124,"column":42}},"124":{"start":{"line":125,"column":0},"end":{"line":125,"column":40}},"125":{"start":{"line":126,"column":0},"end":{"line":126,"column":51}},"126":{"start":{"line":127,"column":0},"end":{"line":127,"column":52}},"127":{"start":{"line":128,"column":0},"end":{"line":128,"column":22}},"128":{"start":{"line":129,"column":0},"end":{"line":129,"column":27}},"129":{"start":{"line":130,"column":0},"end":{"line":130,"column":56}},"130":{"start":{"line":131,"column":0},"end":{"line":131,"column":20}},"131":{"start":{"line":132,"column":0},"end":{"line":132,"column":46}},"132":{"start":{"line":133,"column":0},"end":{"line":133,"column":44}},"133":{"start":{"line":134,"column":0},"end":{"line":134,"column":13}},"134":{"start":{"line":135,"column":0},"end":{"line":135,"column":10}},"135":{"start":{"line":136,"column":0},"end":{"line":136,"column":19}},"136":{"start":{"line":137,"column":0},"end":{"line":137,"column":51}},"137":{"start":{"line":138,"column":0},"end":{"line":138,"column":7}},"138":{"start":{"line":139,"column":0},"end":{"line":139,"column":3}},"139":{"start":{"line":140,"column":0},"end":{"line":140,"column":0}},"140":{"start":{"line":141,"column":0},"end":{"line":141,"column":73}},"141":{"start":{"line":142,"column":0},"end":{"line":142,"column":92}},"142":{"start":{"line":143,"column":0},"end":{"line":143,"column":46}},"143":{"start":{"line":144,"column":0},"end":{"line":144,"column":20}},"144":{"start":{"line":145,"column":0},"end":{"line":145,"column":48}},"145":{"start":{"line":146,"column":0},"end":{"line":146,"column":7}},"146":{"start":{"line":147,"column":0},"end":{"line":147,"column":1}}},"s":{"0":1,"1":1,"2":1,"3":1,"4":1,"5":1,"6":1,"7":3,"8":3,"9":2,"10":3,"11":1,"12":1,"13":3,"14":3,"15":1,"16":1,"17":1,"18":6,"19":6,"20":6,"21":6,"22":1,"23":6,"24":2,"25":2,"26":1,"27":1,"28":1,"29":1,"30":1,"31":1,"32":6,"33":6,"34":1,"35":1,"36":1,"37":6,"38":6,"39":6,"40":6,"41":1,"42":6,"43":2,"44":2,"45":1,"46":1,"47":1,"48":1,"49":1,"50":1,"51":1,"52":1,"53":6,"54":6,"55":1,"56":1,"57":1,"58":6,"59":6,"60":6,"61":6,"62":1,"63":6,"64":2,"65":2,"66":1,"67":1,"68":1,"69":1,"70":1,"71":1,"72":1,"73":1,"74":6,"75":1,"76":1,"77":1,"78":1,"79":2,"80":2,"81":2,"82":1,"83":1,"84":1,"85":1,"86":2,"87":2,"88":1,"89":1,"90":1,"91":0,"92":0,"93":1,"94":1,"95":1,"96":1,"97":1,"98":1,"99":1,"100":1,"101":1,"102":1,"103":1,"104":1,"105":1,"106":1,"107":1,"108":1,"109":1,"110":1,"111":1,"112":1,"113":1,"114":1,"115":1,"116":1,"117":1,"118":1,"119":3,"120":3,"121":3,"122":3,"123":3,"124":3,"125":3,"126":3,"127":2,"128":1,"129":1,"130":1,"131":1,"132":1,"133":1,"134":3,"135":3,"136":1,"137":3,"138":3,"139":1,"140":1,"141":1,"142":1,"143":2,"144":1,"145":1,"146":2},"branchMap":{"0":{"type":"branch","line":1,"loc":{"start":{"line":1,"column":0},"end":{"line":147,"column":1}},"locations":[{"start":{"line":1,"column":0},"end":{"line":147,"column":1}}]},"1":{"type":"branch","line":7,"loc":{"start":{"line":7,"column":28},"end":{"line":15,"column":1}},"locations":[{"start":{"line":7,"column":28},"end":{"line":15,"column":1}}]},"2":{"type":"branch","line":10,"loc":{"start":{"line":10,"column":-2},"end":{"line":11,"column":6}},"locations":[{"start":{"line":10,"column":-2},"end":{"line":11,"column":6}}]},"3":{"type":"branch","line":11,"loc":{"start":{"line":11,"column":6},"end":{"line":13,"column":5}},"locations":[{"start":{"line":11,"column":6},"end":{"line":13,"column":5}}]},"4":{"type":"branch","line":18,"loc":{"start":{"line":18,"column":31},"end":{"line":34,"column":1}},"locations":[{"start":{"line":18,"column":31},"end":{"line":34,"column":1}}]},"5":{"type":"branch","line":22,"loc":{"start":{"line":22,"column":-2},"end":{"line":22,"column":21}},"locations":[{"start":{"line":22,"column":-2},"end":{"line":22,"column":21}}]},"6":{"type":"branch","line":22,"loc":{"start":{"line":22,"column":21},"end":{"line":24,"column":9}},"locations":[{"start":{"line":22,"column":21},"end":{"line":24,"column":9}}]},"7":{"type":"branch","line":24,"loc":{"start":{"line":24,"column":9},"end":{"line":28,"column":9}},"locations":[{"start":{"line":24,"column":9},"end":{"line":28,"column":9}}]},"8":{"type":"branch","line":24,"loc":{"start":{"line":24,"column":43},"end":{"line":24,"column":96}},"locations":[{"start":{"line":24,"column":43},"end":{"line":24,"column":96}}]},"9":{"type":"branch","line":24,"loc":{"start":{"line":24,"column":98},"end":{"line":28,"column":9}},"locations":[{"start":{"line":24,"column":98},"end":{"line":28,"column":9}}]},"10":{"type":"branch","line":26,"loc":{"start":{"line":26,"column":58},"end":{"line":28,"column":9}},"locations":[{"start":{"line":26,"column":58},"end":{"line":28,"column":9}}]},"11":{"type":"branch","line":29,"loc":{"start":{"line":29,"column":-2},"end":{"line":32,"column":5}},"locations":[{"start":{"line":29,"column":-2},"end":{"line":32,"column":5}}]},"12":{"type":"branch","line":37,"loc":{"start":{"line":37,"column":30},"end":{"line":55,"column":1}},"locations":[{"start":{"line":37,"column":30},"end":{"line":55,"column":1}}]},"13":{"type":"branch","line":41,"loc":{"start":{"line":41,"column":-2},"end":{"line":41,"column":21}},"locations":[{"start":{"line":41,"column":-2},"end":{"line":41,"column":21}}]},"14":{"type":"branch","line":41,"loc":{"start":{"line":41,"column":21},"end":{"line":43,"column":9}},"locations":[{"start":{"line":41,"column":21},"end":{"line":43,"column":9}}]},"15":{"type":"branch","line":43,"loc":{"start":{"line":43,"column":9},"end":{"line":47,"column":9}},"locations":[{"start":{"line":43,"column":9},"end":{"line":47,"column":9}}]},"16":{"type":"branch","line":43,"loc":{"start":{"line":43,"column":43},"end":{"line":43,"column":96}},"locations":[{"start":{"line":43,"column":43},"end":{"line":43,"column":96}}]},"17":{"type":"branch","line":43,"loc":{"start":{"line":43,"column":98},"end":{"line":47,"column":9}},"locations":[{"start":{"line":43,"column":98},"end":{"line":47,"column":9}}]},"18":{"type":"branch","line":45,"loc":{"start":{"line":45,"column":58},"end":{"line":47,"column":9}},"locations":[{"start":{"line":45,"column":58},"end":{"line":47,"column":9}}]},"19":{"type":"branch","line":48,"loc":{"start":{"line":48,"column":-2},"end":{"line":53,"column":5}},"locations":[{"start":{"line":48,"column":-2},"end":{"line":53,"column":5}}]},"20":{"type":"branch","line":58,"loc":{"start":{"line":58,"column":30},"end":{"line":75,"column":1}},"locations":[{"start":{"line":58,"column":30},"end":{"line":75,"column":1}}]},"21":{"type":"branch","line":62,"loc":{"start":{"line":62,"column":-2},"end":{"line":62,"column":21}},"locations":[{"start":{"line":62,"column":-2},"end":{"line":62,"column":21}}]},"22":{"type":"branch","line":62,"loc":{"start":{"line":62,"column":21},"end":{"line":64,"column":9}},"locations":[{"start":{"line":62,"column":21},"end":{"line":64,"column":9}}]},"23":{"type":"branch","line":64,"loc":{"start":{"line":64,"column":9},"end":{"line":68,"column":9}},"locations":[{"start":{"line":64,"column":9},"end":{"line":68,"column":9}}]},"24":{"type":"branch","line":64,"loc":{"start":{"line":64,"column":43},"end":{"line":64,"column":96}},"locations":[{"start":{"line":64,"column":43},"end":{"line":64,"column":96}}]},"25":{"type":"branch","line":64,"loc":{"start":{"line":64,"column":98},"end":{"line":68,"column":9}},"locations":[{"start":{"line":64,"column":98},"end":{"line":68,"column":9}}]},"26":{"type":"branch","line":66,"loc":{"start":{"line":66,"column":58},"end":{"line":68,"column":9}},"locations":[{"start":{"line":66,"column":58},"end":{"line":68,"column":9}}]},"27":{"type":"branch","line":69,"loc":{"start":{"line":69,"column":-2},"end":{"line":74,"column":5}},"locations":[{"start":{"line":69,"column":-2},"end":{"line":74,"column":5}}]},"28":{"type":"branch","line":79,"loc":{"start":{"line":79,"column":31},"end":{"line":82,"column":3}},"locations":[{"start":{"line":79,"column":31},"end":{"line":82,"column":3}}]},"29":{"type":"branch","line":86,"loc":{"start":{"line":86,"column":32},"end":{"line":88,"column":1}},"locations":[{"start":{"line":86,"column":32},"end":{"line":88,"column":1}}]},"30":{"type":"branch","line":98,"loc":{"start":{"line":98,"column":33},"end":{"line":101,"column":3}},"locations":[{"start":{"line":98,"column":33},"end":{"line":101,"column":3}}]},"31":{"type":"branch","line":105,"loc":{"start":{"line":105,"column":38},"end":{"line":108,"column":3}},"locations":[{"start":{"line":105,"column":38},"end":{"line":108,"column":3}}]},"32":{"type":"branch","line":112,"loc":{"start":{"line":112,"column":35},"end":{"line":115,"column":3}},"locations":[{"start":{"line":112,"column":35},"end":{"line":115,"column":3}}]},"33":{"type":"branch","line":119,"loc":{"start":{"line":119,"column":32},"end":{"line":139,"column":3}},"locations":[{"start":{"line":119,"column":32},"end":{"line":139,"column":3}}]},"34":{"type":"branch","line":136,"loc":{"start":{"line":136,"column":6},"end":{"line":138,"column":5}},"locations":[{"start":{"line":136,"column":6},"end":{"line":138,"column":5}}]},"35":{"type":"branch","line":127,"loc":{"start":{"line":127,"column":31},"end":{"line":135,"column":9}},"locations":[{"start":{"line":127,"column":31},"end":{"line":135,"column":9}}]},"36":{"type":"branch","line":128,"loc":{"start":{"line":128,"column":21},"end":{"line":134,"column":13}},"locations":[{"start":{"line":128,"column":21},"end":{"line":134,"column":13}}]},"37":{"type":"branch","line":143,"loc":{"start":{"line":143,"column":25},"end":{"line":147,"column":1}},"locations":[{"start":{"line":143,"column":25},"end":{"line":147,"column":1}}]},"38":{"type":"branch","line":144,"loc":{"start":{"line":144,"column":19},"end":{"line":146,"column":7}},"locations":[{"start":{"line":144,"column":19},"end":{"line":146,"column":7}}]}},"b":{"0":[1],"1":[3],"2":[2],"3":[1],"4":[6],"5":[5],"6":[1],"7":[4],"8":[3],"9":[2],"10":[1],"11":[1],"12":[6],"13":[5],"14":[1],"15":[4],"16":[3],"17":[2],"18":[1],"19":[1],"20":[6],"21":[5],"22":[1],"23":[4],"24":[3],"25":[2],"26":[1],"27":[1],"28":[2],"29":[2],"30":[1],"31":[1],"32":[1],"33":[3],"34":[1],"35":[2],"36":[1],"37":[2],"38":[1]},"fnMap":{"0":{"name":"getCustomers","decl":{"start":{"line":7,"column":28},"end":{"line":15,"column":1}},"loc":{"start":{"line":7,"column":28},"end":{"line":15,"column":1}},"line":7},"1":{"name":"getCustomerByID","decl":{"start":{"line":18,"column":31},"end":{"line":34,"column":1}},"loc":{"start":{"line":18,"column":31},"end":{"line":34,"column":1}},"line":18},"2":{"name":"updateCustomer","decl":{"start":{"line":37,"column":30},"end":{"line":55,"column":1}},"loc":{"start":{"line":37,"column":30},"end":{"line":55,"column":1}},"line":37},"3":{"name":"deleteCustomer","decl":{"start":{"line":58,"column":30},"end":{"line":75,"column":1}},"loc":{"start":{"line":58,"column":30},"end":{"line":75,"column":1}},"line":58},"4":{"name":"getCustomerDash","decl":{"start":{"line":79,"column":31},"end":{"line":82,"column":3}},"loc":{"start":{"line":79,"column":31},"end":{"line":82,"column":3}},"line":79},"5":{"name":"getCustomerLogin","decl":{"start":{"line":86,"column":32},"end":{"line":88,"column":1}},"loc":{"start":{"line":86,"column":32},"end":{"line":88,"column":1}},"line":86},"6":{"name":"getCustomerOrderLogin","decl":{"start":{"line":91,"column":37},"end":{"line":93,"column":1}},"loc":{"start":{"line":91,"column":37},"end":{"line":93,"column":1}},"line":91},"7":{"name":"getCustomerOrders","decl":{"start":{"line":98,"column":33},"end":{"line":101,"column":3}},"loc":{"start":{"line":98,"column":33},"end":{"line":101,"column":3}},"line":98},"8":{"name":"getCustomerModifyOrder","decl":{"start":{"line":105,"column":38},"end":{"line":108,"column":3}},"loc":{"start":{"line":105,"column":38},"end":{"line":108,"column":3}},"line":105},"9":{"name":"getCustomerRegister","decl":{"start":{"line":112,"column":35},"end":{"line":115,"column":3}},"loc":{"start":{"line":112,"column":35},"end":{"line":115,"column":3}},"line":112},"10":{"name":"registerCustomer","decl":{"start":{"line":119,"column":32},"end":{"line":139,"column":3}},"loc":{"start":{"line":119,"column":32},"end":{"line":139,"column":3}},"line":119},"11":{"name":"getDomain","decl":{"start":{"line":143,"column":25},"end":{"line":147,"column":1}},"loc":{"start":{"line":143,"column":25},"end":{"line":147,"column":1}},"line":143}},"f":{"0":3,"1":6,"2":6,"3":6,"4":2,"5":2,"6":0,"7":1,"8":1,"9":1,"10":3,"11":2}}
,"C:\\Users\\j_smi\\OneDrive\\School\\UIS\\CSC478 - Software Engineering Capstone\\Capstone\\CSC478-Group2\\Backup\\controllers\\organizationController.js": {"path":"C:\\Users\\j_smi\\OneDrive\\School\\UIS\\CSC478 - Software Engineering Capstone\\Capstone\\CSC478-Group2\\Backup\\controllers\\organizationController.js","all":false,"statementMap":{"0":{"start":{"line":1,"column":0},"end":{"line":1,"column":53}},"1":{"start":{"line":2,"column":0},"end":{"line":2,"column":25}},"2":{"start":{"line":3,"column":0},"end":{"line":3,"column":0}},"3":{"start":{"line":4,"column":0},"end":{"line":4,"column":32}},"4":{"start":{"line":5,"column":0},"end":{"line":5,"column":0}},"5":{"start":{"line":6,"column":0},"end":{"line":6,"column":55}},"6":{"start":{"line":7,"column":0},"end":{"line":7,"column":22}},"7":{"start":{"line":8,"column":0},"end":{"line":8,"column":46}},"8":{"start":{"line":9,"column":0},"end":{"line":9,"column":9}},"9":{"start":{"line":10,"column":0},"end":{"line":10,"column":55}},"10":{"start":{"line":11,"column":0},"end":{"line":11,"column":50}},"11":{"start":{"line":12,"column":0},"end":{"line":12,"column":33}},"12":{"start":{"line":13,"column":0},"end":{"line":13,"column":22}},"13":{"start":{"line":14,"column":0},"end":{"line":14,"column":54}},"14":{"start":{"line":15,"column":0},"end":{"line":15,"column":5}},"15":{"start":{"line":16,"column":0},"end":{"line":16,"column":0}},"16":{"start":{"line":17,"column":0},"end":{"line":17,"column":4}},"17":{"start":{"line":18,"column":0},"end":{"line":18,"column":1}},"18":{"start":{"line":19,"column":0},"end":{"line":19,"column":0}},"19":{"start":{"line":20,"column":0},"end":{"line":20,"column":55}},"20":{"start":{"line":21,"column":0},"end":{"line":21,"column":22}},"21":{"start":{"line":22,"column":0},"end":{"line":22,"column":44}},"22":{"start":{"line":23,"column":0},"end":{"line":23,"column":9}},"23":{"start":{"line":24,"column":0},"end":{"line":24,"column":48}},"24":{"start":{"line":25,"column":0},"end":{"line":25,"column":34}},"25":{"start":{"line":26,"column":0},"end":{"line":26,"column":22}},"26":{"start":{"line":27,"column":0},"end":{"line":27,"column":54}},"27":{"start":{"line":28,"column":0},"end":{"line":28,"column":5}},"28":{"start":{"line":29,"column":0},"end":{"line":29,"column":1}},"29":{"start":{"line":30,"column":0},"end":{"line":30,"column":0}},"30":{"start":{"line":31,"column":0},"end":{"line":31,"column":55}},"31":{"start":{"line":32,"column":0},"end":{"line":32,"column":22}},"32":{"start":{"line":33,"column":0},"end":{"line":33,"column":47}},"33":{"start":{"line":34,"column":0},"end":{"line":34,"column":9}},"34":{"start":{"line":35,"column":0},"end":{"line":35,"column":31}},"35":{"start":{"line":36,"column":0},"end":{"line":36,"column":51}},"36":{"start":{"line":37,"column":0},"end":{"line":37,"column":33}},"37":{"start":{"line":38,"column":0},"end":{"line":38,"column":22}},"38":{"start":{"line":39,"column":0},"end":{"line":39,"column":54}},"39":{"start":{"line":40,"column":0},"end":{"line":40,"column":5}},"40":{"start":{"line":41,"column":0},"end":{"line":41,"column":1}},"41":{"start":{"line":42,"column":0},"end":{"line":42,"column":0}},"42":{"start":{"line":43,"column":0},"end":{"line":43,"column":55}},"43":{"start":{"line":44,"column":0},"end":{"line":44,"column":22}},"44":{"start":{"line":45,"column":0},"end":{"line":45,"column":46}},"45":{"start":{"line":46,"column":0},"end":{"line":46,"column":9}},"46":{"start":{"line":47,"column":0},"end":{"line":47,"column":31}},"47":{"start":{"line":48,"column":0},"end":{"line":48,"column":70}},"48":{"start":{"line":49,"column":0},"end":{"line":49,"column":33}},"49":{"start":{"line":50,"column":0},"end":{"line":50,"column":22}},"50":{"start":{"line":51,"column":0},"end":{"line":51,"column":54}},"51":{"start":{"line":52,"column":0},"end":{"line":52,"column":5}},"52":{"start":{"line":53,"column":0},"end":{"line":53,"column":1}},"53":{"start":{"line":54,"column":0},"end":{"line":54,"column":0}},"54":{"start":{"line":55,"column":0},"end":{"line":55,"column":55}},"55":{"start":{"line":56,"column":0},"end":{"line":56,"column":22}},"56":{"start":{"line":57,"column":0},"end":{"line":57,"column":46}},"57":{"start":{"line":58,"column":0},"end":{"line":58,"column":9}},"58":{"start":{"line":59,"column":0},"end":{"line":59,"column":31}},"59":{"start":{"line":60,"column":0},"end":{"line":60,"column":60}},"60":{"start":{"line":61,"column":0},"end":{"line":61,"column":33}},"61":{"start":{"line":62,"column":0},"end":{"line":62,"column":22}},"62":{"start":{"line":63,"column":0},"end":{"line":63,"column":54}},"63":{"start":{"line":64,"column":0},"end":{"line":64,"column":5}},"64":{"start":{"line":65,"column":0},"end":{"line":65,"column":1}},"65":{"start":{"line":66,"column":0},"end":{"line":66,"column":0}},"66":{"start":{"line":67,"column":0},"end":{"line":67,"column":75}},"67":{"start":{"line":68,"column":0},"end":{"line":68,"column":22}},"68":{"start":{"line":69,"column":0},"end":{"line":69,"column":53}},"69":{"start":{"line":70,"column":0},"end":{"line":70,"column":2}},"70":{"start":{"line":71,"column":0},"end":{"line":71,"column":77}},"71":{"start":{"line":72,"column":0},"end":{"line":72,"column":49}},"72":{"start":{"line":73,"column":0},"end":{"line":73,"column":10}},"73":{"start":{"line":74,"column":0},"end":{"line":74,"column":3}},"74":{"start":{"line":75,"column":0},"end":{"line":75,"column":0}},"75":{"start":{"line":76,"column":0},"end":{"line":76,"column":28}},"76":{"start":{"line":77,"column":0},"end":{"line":77,"column":22}},"77":{"start":{"line":78,"column":0},"end":{"line":78,"column":57}},"78":{"start":{"line":79,"column":0},"end":{"line":79,"column":81}},"79":{"start":{"line":80,"column":0},"end":{"line":80,"column":47}},"80":{"start":{"line":81,"column":0},"end":{"line":81,"column":64}},"81":{"start":{"line":82,"column":0},"end":{"line":82,"column":5}},"82":{"start":{"line":83,"column":0},"end":{"line":83,"column":4}},"83":{"start":{"line":84,"column":0},"end":{"line":84,"column":49}},"84":{"start":{"line":85,"column":0},"end":{"line":85,"column":47}},"85":{"start":{"line":86,"column":0},"end":{"line":86,"column":11}},"86":{"start":{"line":87,"column":0},"end":{"line":87,"column":1}},"87":{"start":{"line":88,"column":0},"end":{"line":88,"column":0}},"88":{"start":{"line":89,"column":0},"end":{"line":89,"column":0}},"89":{"start":{"line":90,"column":0},"end":{"line":90,"column":0}},"90":{"start":{"line":91,"column":0},"end":{"line":91,"column":55}},"91":{"start":{"line":92,"column":0},"end":{"line":92,"column":22}},"92":{"start":{"line":93,"column":0},"end":{"line":93,"column":53}},"93":{"start":{"line":94,"column":0},"end":{"line":94,"column":0}},"94":{"start":{"line":95,"column":0},"end":{"line":95,"column":18}},"95":{"start":{"line":96,"column":0},"end":{"line":96,"column":22}},"96":{"start":{"line":97,"column":0},"end":{"line":97,"column":19}},"97":{"start":{"line":98,"column":0},"end":{"line":98,"column":13}},"98":{"start":{"line":99,"column":0},"end":{"line":99,"column":29}},"99":{"start":{"line":100,"column":0},"end":{"line":100,"column":31}},"100":{"start":{"line":101,"column":0},"end":{"line":101,"column":56}},"101":{"start":{"line":102,"column":0},"end":{"line":102,"column":30}},"102":{"start":{"line":103,"column":0},"end":{"line":103,"column":16}},"103":{"start":{"line":104,"column":0},"end":{"line":104,"column":33}},"104":{"start":{"line":105,"column":0},"end":{"line":105,"column":14}},"105":{"start":{"line":106,"column":0},"end":{"line":106,"column":15}},"106":{"start":{"line":107,"column":0},"end":{"line":107,"column":21}},"107":{"start":{"line":108,"column":0},"end":{"line":108,"column":21}},"108":{"start":{"line":109,"column":0},"end":{"line":109,"column":12}},"109":{"start":{"line":110,"column":0},"end":{"line":110,"column":11}},"110":{"start":{"line":111,"column":0},"end":{"line":111,"column":12}},"111":{"start":{"line":112,"column":0},"end":{"line":112,"column":56}},"112":{"start":{"line":113,"column":0},"end":{"line":113,"column":11}},"113":{"start":{"line":114,"column":0},"end":{"line":114,"column":45}},"114":{"start":{"line":115,"column":0},"end":{"line":115,"column":9}},"115":{"start":{"line":116,"column":0},"end":{"line":116,"column":4}},"116":{"start":{"line":117,"column":0},"end":{"line":117,"column":4}},"117":{"start":{"line":118,"column":0},"end":{"line":118,"column":66}},"118":{"start":{"line":119,"column":0},"end":{"line":119,"column":62}},"119":{"start":{"line":120,"column":0},"end":{"line":120,"column":64}},"120":{"start":{"line":121,"column":0},"end":{"line":121,"column":5}},"121":{"start":{"line":122,"column":0},"end":{"line":122,"column":0}},"122":{"start":{"line":123,"column":0},"end":{"line":123,"column":2}}},"s":{"0":2,"1":2,"2":2,"3":2,"4":2,"5":2,"6":2,"7":2,"8":2,"9":2,"10":1,"11":1,"12":1,"13":1,"14":1,"15":2,"16":2,"17":2,"18":2,"19":2,"20":2,"21":2,"22":4,"23":4,"24":2,"25":2,"26":2,"27":2,"28":4,"29":2,"30":2,"31":2,"32":2,"33":3,"34":3,"35":3,"36":2,"37":3,"38":1,"39":1,"40":3,"41":2,"42":2,"43":2,"44":2,"45":3,"46":3,"47":3,"48":2,"49":3,"50":1,"51":1,"52":3,"53":2,"54":2,"55":2,"56":2,"57":3,"58":3,"59":3,"60":2,"61":3,"62":1,"63":1,"64":3,"65":2,"66":2,"67":2,"68":2,"69":2,"70":2,"71":2,"72":2,"73":2,"74":2,"75":2,"76":2,"77":2,"78":3,"79":3,"80":2,"81":2,"82":1,"83":1,"84":1,"85":1,"86":3,"87":2,"88":2,"89":2,"90":2,"91":2,"92":2,"93":1,"94":1,"95":1,"96":1,"97":1,"98":1,"99":1,"100":1,"101":1,"102":1,"103":1,"104":1,"105":1,"106":1,"107":1,"108":1,"109":1,"110":1,"111":1,"112":1,"113":1,"114":1,"115":1,"116":1,"117":1,"118":0,"119":0,"120":1,"121":1,"122":2},"branchMap":{"0":{"type":"branch","line":1,"loc":{"start":{"line":1,"column":0},"end":{"line":123,"column":2}},"locations":[{"start":{"line":1,"column":0},"end":{"line":123,"column":2}}]},"1":{"type":"branch","line":8,"loc":{"start":{"line":8,"column":25},"end":{"line":18,"column":1}},"locations":[{"start":{"line":8,"column":25},"end":{"line":18,"column":1}}]},"2":{"type":"branch","line":11,"loc":{"start":{"line":11,"column":-2},"end":{"line":15,"column":5}},"locations":[{"start":{"line":11,"column":-2},"end":{"line":15,"column":5}}]},"3":{"type":"branch","line":22,"loc":{"start":{"line":22,"column":23},"end":{"line":29,"column":1}},"locations":[{"start":{"line":22,"column":23},"end":{"line":29,"column":1}}]},"4":{"type":"branch","line":25,"loc":{"start":{"line":25,"column":-2},"end":{"line":28,"column":5}},"locations":[{"start":{"line":25,"column":-2},"end":{"line":28,"column":5}}]},"5":{"type":"branch","line":33,"loc":{"start":{"line":33,"column":26},"end":{"line":41,"column":1}},"locations":[{"start":{"line":33,"column":26},"end":{"line":41,"column":1}}]},"6":{"type":"branch","line":37,"loc":{"start":{"line":37,"column":-2},"end":{"line":38,"column":6}},"locations":[{"start":{"line":37,"column":-2},"end":{"line":38,"column":6}}]},"7":{"type":"branch","line":38,"loc":{"start":{"line":38,"column":6},"end":{"line":40,"column":5}},"locations":[{"start":{"line":38,"column":6},"end":{"line":40,"column":5}}]},"8":{"type":"branch","line":45,"loc":{"start":{"line":45,"column":25},"end":{"line":53,"column":1}},"locations":[{"start":{"line":45,"column":25},"end":{"line":53,"column":1}}]},"9":{"type":"branch","line":49,"loc":{"start":{"line":49,"column":-2},"end":{"line":50,"column":6}},"locations":[{"start":{"line":49,"column":-2},"end":{"line":50,"column":6}}]},"10":{"type":"branch","line":50,"loc":{"start":{"line":50,"column":6},"end":{"line":52,"column":5}},"locations":[{"start":{"line":50,"column":6},"end":{"line":52,"column":5}}]},"11":{"type":"branch","line":57,"loc":{"start":{"line":57,"column":25},"end":{"line":65,"column":1}},"locations":[{"start":{"line":57,"column":25},"end":{"line":65,"column":1}}]},"12":{"type":"branch","line":61,"loc":{"start":{"line":61,"column":-2},"end":{"line":62,"column":6}},"locations":[{"start":{"line":61,"column":-2},"end":{"line":62,"column":6}}]},"13":{"type":"branch","line":62,"loc":{"start":{"line":62,"column":6},"end":{"line":64,"column":5}},"locations":[{"start":{"line":62,"column":6},"end":{"line":64,"column":5}}]},"14":{"type":"branch","line":69,"loc":{"start":{"line":69,"column":26},"end":{"line":74,"column":3}},"locations":[{"start":{"line":69,"column":26},"end":{"line":74,"column":3}}]},"15":{"type":"branch","line":78,"loc":{"start":{"line":78,"column":30},"end":{"line":87,"column":1}},"locations":[{"start":{"line":78,"column":30},"end":{"line":87,"column":1}}]},"16":{"type":"branch","line":80,"loc":{"start":{"line":80,"column":21},"end":{"line":80,"column":44}},"locations":[{"start":{"line":80,"column":21},"end":{"line":80,"column":44}}]},"17":{"type":"branch","line":80,"loc":{"start":{"line":80,"column":46},"end":{"line":82,"column":5}},"locations":[{"start":{"line":80,"column":46},"end":{"line":82,"column":5}}]},"18":{"type":"branch","line":83,"loc":{"start":{"line":83,"column":-2},"end":{"line":87,"column":0}},"locations":[{"start":{"line":83,"column":-2},"end":{"line":87,"column":0}}]},"19":{"type":"branch","line":93,"loc":{"start":{"line":93,"column":32},"end":{"line":123,"column":1}},"locations":[{"start":{"line":93,"column":32},"end":{"line":123,"column":1}}]}},"b":{"0":[2],"1":[2],"2":[1],"3":[4],"4":[2],"5":[3],"6":[2],"7":[1],"8":[3],"9":[2],"10":[1],"11":[3],"12":[2],"13":[1],"14":[2],"15":[3],"16":[1],"17":[2],"18":[1],"19":[1]},"fnMap":{"0":{"name":"createOrg","decl":{"start":{"line":8,"column":25},"end":{"line":18,"column":1}},"loc":{"start":{"line":8,"column":25},"end":{"line":18,"column":1}},"line":8},"1":{"name":"getOrgs","decl":{"start":{"line":22,"column":23},"end":{"line":29,"column":1}},"loc":{"start":{"line":22,"column":23},"end":{"line":29,"column":1}},"line":22},"2":{"name":"getOrgbyID","decl":{"start":{"line":33,"column":26},"end":{"line":41,"column":1}},"loc":{"start":{"line":33,"column":26},"end":{"line":41,"column":1}},"line":33},"3":{"name":"updateOrg","decl":{"start":{"line":45,"column":25},"end":{"line":53,"column":1}},"loc":{"start":{"line":45,"column":25},"end":{"line":53,"column":1}},"line":45},"4":{"name":"deleteOrg","decl":{"start":{"line":57,"column":25},"end":{"line":65,"column":1}},"loc":{"start":{"line":57,"column":25},"end":{"line":65,"column":1}},"line":57},"5":{"name":"getOrgName","decl":{"start":{"line":69,"column":26},"end":{"line":74,"column":3}},"loc":{"start":{"line":69,"column":26},"end":{"line":74,"column":3}},"line":69},"6":{"name":"getOrgByDomain","decl":{"start":{"line":78,"column":30},"end":{"line":87,"column":1}},"loc":{"start":{"line":78,"column":30},"end":{"line":87,"column":1}},"line":78},"7":{"name":"updateRoute53","decl":{"start":{"line":93,"column":32},"end":{"line":123,"column":1}},"loc":{"start":{"line":93,"column":32},"end":{"line":123,"column":1}},"line":93}},"f":{"0":2,"1":4,"2":3,"3":3,"4":3,"5":2,"6":3,"7":1}}
,"C:\\Users\\j_smi\\OneDrive\\School\\UIS\\CSC478 - Software Engineering Capstone\\Capstone\\CSC478-Group2\\Backup\\models\\customers.js": {"path":"C:\\Users\\j_smi\\OneDrive\\School\\UIS\\CSC478 - Software Engineering Capstone\\Capstone\\CSC478-Group2\\Backup\\models\\customers.js","all":false,"statementMap":{"0":{"start":{"line":1,"column":0},"end":{"line":1,"column":25}},"1":{"start":{"line":2,"column":0},"end":{"line":2,"column":59}},"2":{"start":{"line":3,"column":0},"end":{"line":3,"column":0}},"3":{"start":{"line":4,"column":0},"end":{"line":4,"column":39}},"4":{"start":{"line":5,"column":0},"end":{"line":5,"column":12}},"5":{"start":{"line":6,"column":0},"end":{"line":6,"column":21}},"6":{"start":{"line":7,"column":0},"end":{"line":7,"column":23}},"7":{"start":{"line":8,"column":0},"end":{"line":8,"column":21}},"8":{"start":{"line":9,"column":0},"end":{"line":9,"column":6}},"9":{"start":{"line":10,"column":0},"end":{"line":10,"column":16}},"10":{"start":{"line":11,"column":0},"end":{"line":11,"column":21}},"11":{"start":{"line":12,"column":0},"end":{"line":12,"column":23}},"12":{"start":{"line":13,"column":0},"end":{"line":13,"column":6}},"13":{"start":{"line":14,"column":0},"end":{"line":14,"column":15}},"14":{"start":{"line":15,"column":0},"end":{"line":15,"column":22}},"15":{"start":{"line":16,"column":0},"end":{"line":16,"column":22}},"16":{"start":{"line":17,"column":0},"end":{"line":17,"column":6}},"17":{"start":{"line":18,"column":0},"end":{"line":18,"column":20}},"18":{"start":{"line":19,"column":0},"end":{"line":19,"column":21}},"19":{"start":{"line":20,"column":0},"end":{"line":20,"column":22}},"20":{"start":{"line":21,"column":0},"end":{"line":21,"column":23}},"21":{"start":{"line":22,"column":0},"end":{"line":22,"column":6}},"22":{"start":{"line":23,"column":0},"end":{"line":23,"column":0}},"23":{"start":{"line":24,"column":0},"end":{"line":24,"column":2}},"24":{"start":{"line":25,"column":0},"end":{"line":25,"column":0}},"25":{"start":{"line":26,"column":0},"end":{"line":26,"column":71}},"26":{"start":{"line":27,"column":0},"end":{"line":27,"column":0}},"27":{"start":{"line":28,"column":0},"end":{"line":28,"column":51}}},"s":{"0":1,"1":1,"2":1,"3":1,"4":1,"5":1,"6":1,"7":1,"8":1,"9":1,"10":1,"11":1,"12":1,"13":1,"14":1,"15":1,"16":1,"17":1,"18":1,"19":1,"20":1,"21":1,"22":1,"23":1,"24":1,"25":1,"26":1,"27":1},"branchMap":{"0":{"type":"branch","line":1,"loc":{"start":{"line":1,"column":0},"end":{"line":28,"column":51}},"locations":[{"start":{"line":1,"column":0},"end":{"line":28,"column":51}}]}},"b":{"0":[1]},"fnMap":{},"f":{}}
,"C:\\Users\\j_smi\\OneDrive\\School\\UIS\\CSC478 - Software Engineering Capstone\\Capstone\\CSC478-Group2\\Backup\\models\\organizations.js": {"path":"C:\\Users\\j_smi\\OneDrive\\School\\UIS\\CSC478 - Software Engineering Capstone\\Capstone\\CSC478-Group2\\Backup\\models\\organizations.js","all":false,"statementMap":{"0":{"start":{"line":1,"column":0},"end":{"line":1,"column":25}},"1":{"start":{"line":2,"column":0},"end":{"line":2,"column":0}},"2":{"start":{"line":3,"column":0},"end":{"line":3,"column":42}},"3":{"start":{"line":4,"column":0},"end":{"line":4,"column":11}},"4":{"start":{"line":5,"column":0},"end":{"line":5,"column":21}},"5":{"start":{"line":6,"column":0},"end":{"line":6,"column":23}},"6":{"start":{"line":7,"column":0},"end":{"line":7,"column":20}},"7":{"start":{"line":8,"column":0},"end":{"line":8,"column":6}},"8":{"start":{"line":9,"column":0},"end":{"line":9,"column":18}},"9":{"start":{"line":10,"column":0},"end":{"line":10,"column":19}},"10":{"start":{"line":11,"column":0},"end":{"line":11,"column":23}},"11":{"start":{"line":12,"column":0},"end":{"line":12,"column":28}},"12":{"start":{"line":13,"column":0},"end":{"line":13,"column":6}},"13":{"start":{"line":14,"column":0},"end":{"line":14,"column":18}},"14":{"start":{"line":15,"column":0},"end":{"line":15,"column":13}},"15":{"start":{"line":16,"column":0},"end":{"line":16,"column":21}},"16":{"start":{"line":17,"column":0},"end":{"line":17,"column":23}},"17":{"start":{"line":18,"column":0},"end":{"line":18,"column":6}},"18":{"start":{"line":19,"column":0},"end":{"line":19,"column":13}},"19":{"start":{"line":20,"column":0},"end":{"line":20,"column":22}},"20":{"start":{"line":21,"column":0},"end":{"line":21,"column":23}},"21":{"start":{"line":22,"column":0},"end":{"line":22,"column":21}},"22":{"start":{"line":23,"column":0},"end":{"line":23,"column":6}},"23":{"start":{"line":24,"column":0},"end":{"line":24,"column":2}},"24":{"start":{"line":25,"column":0},"end":{"line":25,"column":0}},"25":{"start":{"line":26,"column":0},"end":{"line":26,"column":59}}},"s":{"0":2,"1":2,"2":2,"3":2,"4":2,"5":2,"6":2,"7":2,"8":2,"9":2,"10":2,"11":2,"12":2,"13":2,"14":2,"15":2,"16":2,"17":2,"18":2,"19":2,"20":2,"21":2,"22":2,"23":2,"24":2,"25":2},"branchMap":{"0":{"type":"branch","line":1,"loc":{"start":{"line":1,"column":0},"end":{"line":26,"column":59}},"locations":[{"start":{"line":1,"column":0},"end":{"line":26,"column":59}}]}},"b":{"0":[2]},"fnMap":{},"f":{}}
,"C:\\Users\\j_smi\\OneDrive\\School\\UIS\\CSC478 - Software Engineering Capstone\\Capstone\\CSC478-Group2\\Backup\\models\\users.js": {"path":"C:\\Users\\j_smi\\OneDrive\\School\\UIS\\CSC478 - Software Engineering Capstone\\Capstone\\CSC478-Group2\\Backup\\models\\users.js","all":false,"statementMap":{"0":{"start":{"line":1,"column":0},"end":{"line":1,"column":25}},"1":{"start":{"line":2,"column":0},"end":{"line":2,"column":59}},"2":{"start":{"line":3,"column":0},"end":{"line":3,"column":0}},"3":{"start":{"line":4,"column":0},"end":{"line":4,"column":0}},"4":{"start":{"line":5,"column":0},"end":{"line":5,"column":35}},"5":{"start":{"line":6,"column":0},"end":{"line":6,"column":12}},"6":{"start":{"line":7,"column":0},"end":{"line":7,"column":21}},"7":{"start":{"line":8,"column":0},"end":{"line":8,"column":23}},"8":{"start":{"line":9,"column":0},"end":{"line":9,"column":21}},"9":{"start":{"line":10,"column":0},"end":{"line":10,"column":6}},"10":{"start":{"line":11,"column":0},"end":{"line":11,"column":15}},"11":{"start":{"line":12,"column":0},"end":{"line":12,"column":20}},"12":{"start":{"line":13,"column":0},"end":{"line":13,"column":6}},"13":{"start":{"line":14,"column":0},"end":{"line":14,"column":16}},"14":{"start":{"line":15,"column":0},"end":{"line":15,"column":21}},"15":{"start":{"line":16,"column":0},"end":{"line":16,"column":23}},"16":{"start":{"line":17,"column":0},"end":{"line":17,"column":6}},"17":{"start":{"line":18,"column":0},"end":{"line":18,"column":15}},"18":{"start":{"line":19,"column":0},"end":{"line":19,"column":21}},"19":{"start":{"line":20,"column":0},"end":{"line":20,"column":23}},"20":{"start":{"line":21,"column":0},"end":{"line":21,"column":6}},"21":{"start":{"line":22,"column":0},"end":{"line":22,"column":12}},"22":{"start":{"line":23,"column":0},"end":{"line":23,"column":22}},"23":{"start":{"line":24,"column":0},"end":{"line":24,"column":22}},"24":{"start":{"line":25,"column":0},"end":{"line":25,"column":6}},"25":{"start":{"line":26,"column":0},"end":{"line":26,"column":21}},"26":{"start":{"line":27,"column":0},"end":{"line":27,"column":21}},"27":{"start":{"line":28,"column":0},"end":{"line":28,"column":23}},"28":{"start":{"line":29,"column":0},"end":{"line":29,"column":5}},"29":{"start":{"line":30,"column":0},"end":{"line":30,"column":0}},"30":{"start":{"line":31,"column":0},"end":{"line":31,"column":2}},"31":{"start":{"line":32,"column":0},"end":{"line":32,"column":0}},"32":{"start":{"line":33,"column":0},"end":{"line":33,"column":67}},"33":{"start":{"line":34,"column":0},"end":{"line":34,"column":0}},"34":{"start":{"line":35,"column":0},"end":{"line":35,"column":43}}},"s":{"0":1,"1":1,"2":1,"3":1,"4":1,"5":1,"6":1,"7":1,"8":1,"9":1,"10":1,"11":1,"12":1,"13":1,"14":1,"15":1,"16":1,"17":1,"18":1,"19":1,"20":1,"21":1,"22":1,"23":1,"24":1,"25":1,"26":1,"27":1,"28":1,"29":1,"30":1,"31":1,"32":1,"33":1,"34":1},"branchMap":{"0":{"type":"branch","line":1,"loc":{"start":{"line":1,"column":0},"end":{"line":35,"column":43}},"locations":[{"start":{"line":1,"column":0},"end":{"line":35,"column":43}}]}},"b":{"0":[1]},"fnMap":{},"f":{}}
}
