TN:
SF:controllers\adminController.js
FN:13,getAdminDash
FN:18,getAdminLogin
FN:22,getAdminListings
FN:27,getAdminRegister
FN:32,getAdminResource
FN:37,getAdminModifyListing
FN:42,getAdminOrderDetails
FN:47,getAdminOrders
FN:52,registerAdmin
FNF:9
FNH:7
FNDA:2,getAdminDash
FNDA:4,getAdminLogin
FNDA:1,getAdminListings
FNDA:1,getAdminRegister
FNDA:1,getAdminResource
FNDA:1,getAdminModifyListing
FNDA:1,getAdminOrderDetails
FNDA:0,getAdminOrders
FNDA:0,registerAdmin
DA:1,1
DA:2,1
DA:3,1
DA:4,1
DA:5,1
DA:6,1
DA:7,1
DA:8,1
DA:9,1
DA:10,1
DA:11,1
DA:12,1
DA:13,1
DA:14,2
DA:15,2
DA:16,2
DA:17,1
DA:18,1
DA:19,4
DA:20,4
DA:21,1
DA:22,1
DA:23,1
DA:24,1
DA:25,1
DA:26,1
DA:27,1
DA:28,1
DA:29,1
DA:30,1
DA:31,1
DA:32,1
DA:33,1
DA:34,1
DA:35,1
DA:36,1
DA:37,1
DA:38,1
DA:39,1
DA:40,1
DA:41,1
DA:42,1
DA:43,1
DA:44,1
DA:45,1
DA:46,1
DA:47,1
DA:48,0
DA:49,0
DA:50,0
DA:51,1
DA:52,1
DA:53,0
DA:54,0
DA:55,0
DA:56,0
DA:57,0
DA:58,0
DA:59,0
DA:60,0
DA:61,0
DA:62,0
DA:63,0
DA:64,0
DA:65,0
DA:66,0
DA:67,0
DA:68,0
DA:69,0
DA:70,0
DA:71,0
DA:72,0
DA:73,0
DA:74,0
DA:75,0
DA:76,0
DA:77,0
DA:78,0
DA:79,0
LF:79
LH:49
BRDA:1,0,0,1
BRDA:13,1,0,2
BRDA:18,2,0,4
BRDA:22,3,0,1
BRDA:27,4,0,1
BRDA:32,5,0,1
BRDA:37,6,0,1
BRDA:42,7,0,1
BRF:8
BRH:8
end_of_record
TN:
SF:controllers\customerController.js
FN:12,getCustomers
FN:23,getCustomerByID
FN:42,updateCustomer
FN:63,deleteCustomer
FN:82,getCustomerDash
FN:87,getCustomerLogin
FN:91,getCustomerOrders
FN:96,getCustomerModifyOrder
FN:101,getCustomerRegister
FN:106,registerCustomer
FN:128,getDomain
FNF:11
FNH:11
FNDA:3,getCustomers
FNDA:6,getCustomerByID
FNDA:6,updateCustomer
FNDA:6,deleteCustomer
FNDA:2,getCustomerDash
FNDA:2,getCustomerLogin
FNDA:1,getCustomerOrders
FNDA:1,getCustomerModifyOrder
FNDA:1,getCustomerRegister
FNDA:3,registerCustomer
FNDA:2,getDomain
DA:1,1
DA:2,1
DA:3,1
DA:4,1
DA:5,1
DA:6,1
DA:7,1
DA:8,1
DA:9,1
DA:10,1
DA:11,1
DA:12,1
DA:13,3
DA:14,3
DA:15,2
DA:16,3
DA:17,1
DA:18,1
DA:19,3
DA:20,3
DA:21,1
DA:22,1
DA:23,1
DA:24,6
DA:25,6
DA:26,6
DA:27,6
DA:28,1
DA:29,6
DA:30,2
DA:31,2
DA:32,1
DA:33,1
DA:34,1
DA:35,1
DA:36,1
DA:37,1
DA:38,6
DA:39,6
DA:40,1
DA:41,1
DA:42,1
DA:43,6
DA:44,6
DA:45,6
DA:46,6
DA:47,1
DA:48,6
DA:49,2
DA:50,2
DA:51,1
DA:52,1
DA:53,1
DA:54,1
DA:55,1
DA:56,1
DA:57,1
DA:58,1
DA:59,6
DA:60,6
DA:61,1
DA:62,1
DA:63,1
DA:64,6
DA:65,6
DA:66,6
DA:67,6
DA:68,1
DA:69,6
DA:70,2
DA:71,2
DA:72,1
DA:73,1
DA:74,1
DA:75,1
DA:76,1
DA:77,1
DA:78,1
DA:79,1
DA:80,6
DA:81,1
DA:82,1
DA:83,2
DA:84,2
DA:85,2
DA:86,1
DA:87,1
DA:88,2
DA:89,2
DA:90,1
DA:91,1
DA:92,1
DA:93,1
DA:94,1
DA:95,1
DA:96,1
DA:97,1
DA:98,1
DA:99,1
DA:100,1
DA:101,1
DA:102,1
DA:103,1
DA:104,1
DA:105,1
DA:106,1
DA:107,3
DA:108,3
DA:109,3
DA:110,3
DA:111,3
DA:112,3
DA:113,3
DA:114,3
DA:115,2
DA:116,1
DA:117,1
DA:118,1
DA:119,1
DA:120,1
DA:121,1
DA:122,3
DA:123,3
DA:124,1
DA:125,3
DA:126,3
DA:127,1
DA:128,1
DA:129,2
DA:130,1
DA:131,1
DA:132,2
LF:132
LH:132
BRDA:1,0,0,1
BRDA:12,1,0,3
BRDA:15,2,0,2
BRDA:16,3,0,1
BRDA:23,4,0,6
BRDA:27,5,0,5
BRDA:27,6,0,1
BRDA:29,7,0,4
BRDA:29,8,0,3
BRDA:29,9,0,2
BRDA:31,10,0,1
BRDA:34,11,0,1
BRDA:42,12,0,6
BRDA:46,13,0,5
BRDA:46,14,0,1
BRDA:48,15,0,4
BRDA:48,16,0,3
BRDA:48,17,0,2
BRDA:50,18,0,1
BRDA:53,19,0,1
BRDA:63,20,0,6
BRDA:67,21,0,5
BRDA:67,22,0,1
BRDA:69,23,0,4
BRDA:69,24,0,3
BRDA:69,25,0,2
BRDA:71,26,0,1
BRDA:74,27,0,1
BRDA:82,28,0,2
BRDA:87,29,0,2
BRDA:91,30,0,1
BRDA:96,31,0,1
BRDA:101,32,0,1
BRDA:106,33,0,3
BRDA:123,34,0,1
BRDA:114,35,0,2
BRDA:115,36,0,1
BRDA:128,37,0,2
BRDA:129,38,0,1
BRF:39
BRH:39
end_of_record
TN:
SF:controllers\organizationController.js
FN:7,createOrg
FN:19,getOrgs
FN:28,getOrgbyID
FN:38,updateOrg
FN:48,deleteOrg
FN:58,getOrgName
FN:65,getOrgByDomain
FN:80,updateRoute53
FNF:8
FNH:8
FNDA:2,createOrg
FNDA:4,getOrgs
FNDA:3,getOrgbyID
FNDA:3,updateOrg
FNDA:3,deleteOrg
FNDA:2,getOrgName
FNDA:3,getOrgByDomain
FNDA:1,updateRoute53
DA:1,2
DA:2,2
DA:3,2
DA:4,2
DA:5,2
DA:6,2
DA:7,2
DA:8,2
DA:9,2
DA:10,1
DA:11,1
DA:12,1
DA:13,1
DA:14,1
DA:15,2
DA:16,2
DA:17,2
DA:18,2
DA:19,2
DA:20,4
DA:21,4
DA:22,2
DA:23,2
DA:24,2
DA:25,2
DA:26,4
DA:27,2
DA:28,2
DA:29,3
DA:30,3
DA:31,3
DA:32,2
DA:33,3
DA:34,1
DA:35,1
DA:36,3
DA:37,2
DA:38,2
DA:39,3
DA:40,3
DA:41,3
DA:42,2
DA:43,3
DA:44,1
DA:45,1
DA:46,3
DA:47,2
DA:48,2
DA:49,3
DA:50,3
DA:51,3
DA:52,2
DA:53,3
DA:54,1
DA:55,1
DA:56,3
DA:57,2
DA:58,2
DA:59,2
DA:60,2
DA:61,2
DA:62,2
DA:63,2
DA:64,2
DA:65,2
DA:66,3
DA:67,3
DA:68,2
DA:69,2
DA:70,1
DA:71,1
DA:72,1
DA:73,1
DA:74,1
DA:75,3
DA:76,2
DA:77,2
DA:78,2
DA:79,2
DA:80,2
DA:81,1
DA:82,1
DA:83,1
DA:84,1
DA:85,1
DA:86,1
DA:87,1
DA:88,1
DA:89,1
DA:90,1
DA:91,1
DA:92,1
DA:93,1
DA:94,1
DA:95,1
DA:96,1
DA:97,1
DA:98,1
DA:99,1
DA:100,1
DA:101,1
DA:102,1
DA:103,1
DA:104,1
DA:105,1
DA:106,0
DA:107,0
DA:108,1
DA:109,1
DA:110,2
LF:110
LH:108
BRDA:1,0,0,2
BRDA:7,1,0,2
BRDA:10,2,0,1
BRDA:19,3,0,4
BRDA:22,4,0,2
BRDA:28,5,0,3
BRDA:32,6,0,2
BRDA:33,7,0,1
BRDA:38,8,0,3
BRDA:42,9,0,2
BRDA:43,10,0,1
BRDA:48,11,0,3
BRDA:52,12,0,2
BRDA:53,13,0,1
BRDA:58,14,0,2
BRDA:65,15,0,3
BRDA:67,16,0,1
BRDA:67,17,0,2
BRDA:70,18,0,1
BRDA:80,19,0,1
BRF:20
BRH:20
end_of_record
TN:
SF:models\customers.js
FNF:0
FNH:0
DA:1,1
DA:2,1
DA:3,1
DA:4,1
DA:5,1
DA:6,1
DA:7,1
DA:8,1
DA:9,1
DA:10,1
DA:11,1
DA:12,1
DA:13,1
DA:14,1
DA:15,1
DA:16,1
DA:17,1
DA:18,1
DA:19,1
DA:20,1
DA:21,1
DA:22,1
DA:23,1
DA:24,1
DA:25,1
DA:26,1
DA:27,1
DA:28,1
LF:28
LH:28
BRDA:1,0,0,1
BRF:1
BRH:1
end_of_record
TN:
SF:models\organizations.js
FNF:0
FNH:0
DA:1,2
DA:2,2
DA:3,2
DA:4,2
DA:5,2
DA:6,2
DA:7,2
DA:8,2
DA:9,2
DA:10,2
DA:11,2
DA:12,2
DA:13,2
DA:14,2
DA:15,2
DA:16,2
DA:17,2
DA:18,2
DA:19,2
DA:20,2
DA:21,2
DA:22,2
DA:23,2
DA:24,2
DA:25,2
DA:26,2
LF:26
LH:26
BRDA:1,0,0,2
BRF:1
BRH:1
end_of_record
TN:
SF:models\users.js
FNF:0
FNH:0
DA:1,1
DA:2,1
DA:3,1
DA:4,1
DA:5,1
DA:6,1
DA:7,1
DA:8,1
DA:9,1
DA:10,1
DA:11,1
DA:12,1
DA:13,1
DA:14,1
DA:15,1
DA:16,1
DA:17,1
DA:18,1
DA:19,1
DA:20,1
DA:21,1
DA:22,1
DA:23,1
DA:24,1
DA:25,1
DA:26,1
DA:27,1
DA:28,1
DA:29,1
DA:30,1
DA:31,1
DA:32,1
DA:33,1
DA:34,1
DA:35,1
LF:35
LH:35
BRDA:1,0,0,1
BRF:1
BRH:1
end_of_record
