TN:
SF:controllers\customerController.js
FN:7,getCustomers
FN:18,getCustomerByID
FN:37,updateCustomer
FN:58,deleteCustomer
FN:79,getCustomerDash
FN:86,getCustomerLogin
FN:92,getCustomerOrders
FN:99,getCustomerModifyOrder
FN:106,getCustomerRegister
FN:113,registerCustomer
FN:137,getDomain
FNF:11
FNH:11
FNDA:3,getCustomers
FNDA:6,getCustomerByID
FNDA:6,updateCustomer
FNDA:6,deleteCustomer
FNDA:2,getCustomerDash
FNDA:2,getCustomerLogin
FNDA:1,getCustomerOrders
FNDA:1,getCustomerModifyOrder
FNDA:1,getCustomerRegister
FNDA:3,registerCustomer
FNDA:2,getDomain
DA:1,1
DA:2,1
DA:3,1
DA:4,1
DA:5,1
DA:6,1
DA:7,1
DA:8,3
DA:9,3
DA:10,2
DA:11,3
DA:12,1
DA:13,1
DA:14,3
DA:15,3
DA:16,1
DA:17,1
DA:18,1
DA:19,6
DA:20,6
DA:21,6
DA:22,6
DA:23,1
DA:24,6
DA:25,2
DA:26,2
DA:27,1
DA:28,1
DA:29,1
DA:30,1
DA:31,1
DA:32,1
DA:33,6
DA:34,6
DA:35,1
DA:36,1
DA:37,1
DA:38,6
DA:39,6
DA:40,6
DA:41,6
DA:42,1
DA:43,6
DA:44,2
DA:45,2
DA:46,1
DA:47,1
DA:48,1
DA:49,1
DA:50,1
DA:51,1
DA:52,1
DA:53,1
DA:54,6
DA:55,6
DA:56,1
DA:57,1
DA:58,1
DA:59,6
DA:60,6
DA:61,6
DA:62,6
DA:63,1
DA:64,6
DA:65,2
DA:66,2
DA:67,1
DA:68,1
DA:69,1
DA:70,1
DA:71,1
DA:72,1
DA:73,1
DA:74,1
DA:75,6
DA:76,1
DA:77,1
DA:78,1
DA:79,1
DA:80,2
DA:81,2
DA:82,2
DA:83,1
DA:84,1
DA:85,1
DA:86,1
DA:87,2
DA:88,2
DA:89,1
DA:90,1
DA:91,1
DA:92,1
DA:93,1
DA:94,1
DA:95,1
DA:96,1
DA:97,1
DA:98,1
DA:99,1
DA:100,1
DA:101,1
DA:102,1
DA:103,1
DA:104,1
DA:105,1
DA:106,1
DA:107,1
DA:108,1
DA:109,1
DA:110,1
DA:111,1
DA:112,1
DA:113,1
DA:114,3
DA:115,3
DA:116,3
DA:117,3
DA:118,3
DA:119,3
DA:120,3
DA:121,3
DA:122,2
DA:123,1
DA:124,1
DA:125,1
DA:126,1
DA:127,1
DA:128,1
DA:129,3
DA:130,3
DA:131,1
DA:132,3
DA:133,3
DA:134,1
DA:135,1
DA:136,1
DA:137,1
DA:138,2
DA:139,1
DA:140,1
DA:141,2
LF:141
LH:141
BRDA:1,0,0,1
BRDA:7,1,0,3
BRDA:10,2,0,2
BRDA:11,3,0,1
BRDA:18,4,0,6
BRDA:22,5,0,5
BRDA:22,6,0,1
BRDA:24,7,0,4
BRDA:24,8,0,3
BRDA:24,9,0,2
BRDA:26,10,0,1
BRDA:29,11,0,1
BRDA:37,12,0,6
BRDA:41,13,0,5
BRDA:41,14,0,1
BRDA:43,15,0,4
BRDA:43,16,0,3
BRDA:43,17,0,2
BRDA:45,18,0,1
BRDA:48,19,0,1
BRDA:58,20,0,6
BRDA:62,21,0,5
BRDA:62,22,0,1
BRDA:64,23,0,4
BRDA:64,24,0,3
BRDA:64,25,0,2
BRDA:66,26,0,1
BRDA:69,27,0,1
BRDA:79,28,0,2
BRDA:86,29,0,2
BRDA:92,30,0,1
BRDA:99,31,0,1
BRDA:106,32,0,1
BRDA:113,33,0,3
BRDA:130,34,0,1
BRDA:121,35,0,2
BRDA:122,36,0,1
BRDA:137,37,0,2
BRDA:138,38,0,1
BRF:39
BRH:39
end_of_record
TN:
SF:models\customers.js
FNF:0
FNH:0
DA:1,1
DA:2,1
DA:3,1
DA:4,1
DA:5,1
DA:6,1
DA:7,1
DA:8,1
DA:9,1
DA:10,1
DA:11,1
DA:12,1
DA:13,1
DA:14,1
DA:15,1
DA:16,1
DA:17,1
DA:18,1
DA:19,1
DA:20,1
DA:21,1
DA:22,1
DA:23,1
DA:24,1
DA:25,1
DA:26,1
DA:27,1
DA:28,1
LF:28
LH:28
BRDA:1,0,0,1
BRF:1
BRH:1
end_of_record
